[2025-03-24 12:21:07] [DEBUG] Controllers/AuthController->register(): POST Data: {
    "email": "migleczi.gergo@icloud.com",
    "firstName": "Gergo",
    "lastName": "Migleczi",
    "dateOfBirth": "2025-03-05",
    "password": "k"
}
[2025-03-24 12:21:07] [DEBUG] Controllers/AuthController->register(): FILES Data: {
    "name": [
        "fungus.jpeg"
    ],
    "full_path": [
        "fungus.jpeg"
    ],
    "type": [
        "image\/jpeg"
    ],
    "tmp_name": [
        "\/Applications\/XAMPP\/xamppfiles\/temp\/phpDR7TxA"
    ],
    "error": [
        0
    ],
    "size": [
        9610
    ]
}
[2025-03-24 12:21:07] [DEBUG] Models/User()->createUser(migleczi.gergo@icloud.com, k, Gergo Migleczi, 2025-03-05)
[2025-03-24 12:21:07] [DEBUG] Models/User()->createUser(): hash password k ==> $2y$10$j/bshYkjATpWSP.fyrBNq.pEvEn/dp5Bl5tq6d0T72hQNdbN8161q
[2025-03-24 12:21:07] [DEBUG] Models/User()->createUser(): user inserted => 22
[2025-03-24 12:21:07] [DEBUG] Models/User()->saveProfilePicture(22)
[2025-03-24 12:21:07] [DEBUG] Models/User()->saveProfilePicture(): input file: {
    "name": [
        "fungus.jpeg"
    ],
    "full_path": [
        "fungus.jpeg"
    ],
    "type": [
        "image\/jpeg"
    ],
    "tmp_name": [
        "\/Applications\/XAMPP\/xamppfiles\/temp\/phpDR7TxA"
    ],
    "error": [
        0
    ],
    "size": [
        9610
    ]
}
[2025-03-24 12:21:07] [DEBUG] Models/User()->saveProfilePicture(): file type: image/jpeg
[2025-03-24 12:21:07] [DEBUG] Models/User()->saveProfilePicture(): file extension: jpeg
[2025-03-24 12:21:07] [DEBUG] Models/User()->saveProfilePicture(): dir path: /Applications/XAMPP/xamppfiles/htdocs/socialMedia/media/profilePictures/
[2025-03-24 12:21:07] [DEBUG] Models/User()->saveProfilePicture(): file path: /Applications/XAMPP/xamppfiles/htdocs/socialMedia/media/profilePictures/22.jpeg
[2025-03-24 12:23:35] [DEBUG] Controllers/AuthController->register(): POST Data: {
    "email": "migleczi.gergo@icloud.com",
    "firstName": "Gergo",
    "lastName": "Migleczi",
    "dateOfBirth": "2025-03-05",
    "password": "k"
}
[2025-03-24 12:23:35] [DEBUG] Controllers/AuthController->register(): FILES Data: {
    "name": [
        "fungus.jpeg"
    ],
    "full_path": [
        "fungus.jpeg"
    ],
    "type": [
        "image\/jpeg"
    ],
    "tmp_name": [
        "\/Applications\/XAMPP\/xamppfiles\/temp\/phpVMYEEM"
    ],
    "error": [
        0
    ],
    "size": [
        9610
    ]
}
[2025-03-24 12:23:35] [DEBUG] Models/User()->createUser(migleczi.gergo@icloud.com, k, Gergo Migleczi, 2025-03-05)
[2025-03-24 12:23:35] [DEBUG] Models/User()->createUser(): hash password k ==> $2y$10$LJGvgdMpfFvVoOf7Y.7/aeAPICnhfxiNaVo3J9RAByAlgL.dV78g.
[2025-03-24 12:23:35] [DEBUG] Models/User()->createUser(): user inserted => 23
[2025-03-24 12:23:35] [DEBUG] Models/User()->saveProfilePicture(23)
[2025-03-24 12:23:35] [DEBUG] Models/User()->saveProfilePicture(): input file: {
    "name": [
        "fungus.jpeg"
    ],
    "full_path": [
        "fungus.jpeg"
    ],
    "type": [
        "image\/jpeg"
    ],
    "tmp_name": [
        "\/Applications\/XAMPP\/xamppfiles\/temp\/phpVMYEEM"
    ],
    "error": [
        0
    ],
    "size": [
        9610
    ]
}
[2025-03-24 12:23:35] [DEBUG] Models/User()->saveProfilePicture(): file type: image/jpeg
[2025-03-24 12:23:35] [DEBUG] Models/User()->saveProfilePicture(): file extension: jpeg
[2025-03-24 12:23:35] [DEBUG] Models/User()->saveProfilePicture(): dir path: /Applications/XAMPP/xamppfiles/htdocs/socialMedia/media/profilePictures/
[2025-03-24 12:23:35] [DEBUG] Models/User()->saveProfilePicture(): file path: /Applications/XAMPP/xamppfiles/htdocs/socialMedia/media/profilePictures/23.jpeg
[2025-03-24 12:23:35] [DEBUG] Models/User()->saveProfilePicture(): file saved successfully
[2025-03-24 12:23:35] [DEBUG] Models/User()->createUser(): profilePicturePath => profilePictures/23.jpeg
[2025-03-24 12:23:35] [DEBUG] Models/User()->createUser(): User created successfully: ID 23
[2025-03-24 13:06:22] [DEBUG] Controllers/AuthController->register(): POST Data: {
    "email": "migleczi.gergo@icloud.com",
    "firstName": "Gergo",
    "lastName": "Migleczi",
    "dateOfBirth": "2025-03-13",
    "password": "k"
}
[2025-03-24 13:06:22] [DEBUG] Controllers/AuthController->register(): FILES Data: {
    "name": [
        "fungus.jpeg"
    ],
    "full_path": [
        "fungus.jpeg"
    ],
    "type": [
        "image\/jpeg"
    ],
    "tmp_name": [
        "\/Applications\/XAMPP\/xamppfiles\/temp\/phpABdHxH"
    ],
    "error": [
        0
    ],
    "size": [
        9610
    ]
}
[2025-03-24 13:06:22] [DEBUG] Models/User()->createUser(migleczi.gergo@icloud.com, k, Gergo Migleczi, 2025-03-13)
[2025-03-24 13:06:22] [WARNING] Models/User()->createUser(): Email already exists: migleczi.gergo@icloud.com
[2025-03-24 13:07:42] [DEBUG] Controllers/AuthController->register(): POST Data: {
    "email": "fungus@example.com",
    "firstName": "Gergo",
    "lastName": "Migleczi",
    "dateOfBirth": "2025-03-13",
    "password": "Pw1"
}
[2025-03-24 13:07:42] [DEBUG] Controllers/AuthController->register(): FILES Data: {
    "name": [
        "fungus.jpeg"
    ],
    "full_path": [
        "fungus.jpeg"
    ],
    "type": [
        "image\/jpeg"
    ],
    "tmp_name": [
        "\/Applications\/XAMPP\/xamppfiles\/temp\/phpt4lF5A"
    ],
    "error": [
        0
    ],
    "size": [
        9610
    ]
}
[2025-03-24 13:07:42] [DEBUG] Models/User()->createUser(fungus@example.com, Pw1, Gergo Migleczi, 2025-03-13)
[2025-03-24 13:07:43] [DEBUG] Models/User()->createUser(): hash password Pw1 ==> $2y$10$D4ngZFNKoDh/2numrfcEo.UJyLSFAq9YLkKLU2DnZuoSJTzhj6myG
[2025-03-24 13:07:43] [DEBUG] Models/User()->createUser(): user inserted => 24
[2025-03-24 13:07:43] [DEBUG] Models/User()->saveProfilePicture(24)
[2025-03-24 13:07:43] [DEBUG] Models/User()->saveProfilePicture(): input file: {
    "name": [
        "fungus.jpeg"
    ],
    "full_path": [
        "fungus.jpeg"
    ],
    "type": [
        "image\/jpeg"
    ],
    "tmp_name": [
        "\/Applications\/XAMPP\/xamppfiles\/temp\/phpt4lF5A"
    ],
    "error": [
        0
    ],
    "size": [
        9610
    ]
}
[2025-03-24 13:07:43] [DEBUG] Models/User()->saveProfilePicture(): file type: image/jpeg
[2025-03-24 13:07:43] [DEBUG] Models/User()->saveProfilePicture(): file extension: jpeg
[2025-03-24 13:07:43] [DEBUG] Models/User()->saveProfilePicture(): dir path: /Applications/XAMPP/xamppfiles/htdocs/socialMedia/media/profilePictures/
[2025-03-24 13:07:43] [DEBUG] Models/User()->saveProfilePicture(): file path: /Applications/XAMPP/xamppfiles/htdocs/socialMedia/media/profilePictures/24.jpeg
[2025-03-24 13:07:43] [DEBUG] Models/User()->saveProfilePicture(): file saved successfully
[2025-03-24 13:07:43] [DEBUG] Models/User()->createUser(): profilePicturePath => profilePictures/24.jpeg
[2025-03-24 13:07:43] [DEBUG] Models/User()->createUser(): User created successfully: ID 24
[2025-03-24 13:31:33] [DEBUG] Controllers/AuthController->logout(): Terminate session for profileId: 8
[2025-03-24 13:31:50] [DEBUG] Controllers/AuthController->register(): POST Data: {
    "email": "migleczi.gergo@icloud.com",
    "firstName": "Gergo",
    "lastName": "Migleczi",
    "dateOfBirth": "2025-02-26",
    "password": "k"
}
[2025-03-24 13:31:50] [DEBUG] Controllers/AuthController->register(): FILES Data: {
    "name": [
        ""
    ],
    "full_path": [
        ""
    ],
    "type": [
        ""
    ],
    "tmp_name": [
        ""
    ],
    "error": [
        4
    ],
    "size": [
        0
    ]
}
[2025-03-24 13:31:50] [DEBUG] Models/User()->createUser(migleczi.gergo@icloud.com, k, Gergo Migleczi, 2025-02-26)
[2025-03-24 13:31:50] [WARNING] Models/User()->createUser(): Email already exists: migleczi.gergo@icloud.com
[2025-03-24 13:32:13] [DEBUG] Controllers/AuthController->register(): POST Data: {
    "email": "migleczi.gergo@icloud.com",
    "firstName": "Gergo",
    "lastName": "Migleczi",
    "dateOfBirth": "2025-02-27",
    "password": "k"
}
[2025-03-24 13:32:13] [DEBUG] Controllers/AuthController->register(): FILES Data: {
    "name": [
        ""
    ],
    "full_path": [
        ""
    ],
    "type": [
        ""
    ],
    "tmp_name": [
        ""
    ],
    "error": [
        4
    ],
    "size": [
        0
    ]
}
[2025-03-24 13:32:13] [DEBUG] Models/User()->createUser(migleczi.gergo@icloud.com, k, Gergo Migleczi, 2025-02-27)
[2025-03-24 13:32:13] [WARNING] Models/User()->createUser(): Email already exists: migleczi.gergo@icloud.com
[2025-03-24 13:33:18] [DEBUG] Controllers/AuthController->register(): POST Data: {
    "email": "migleczi.gergo@icloud.com",
    "firstName": "Gergo",
    "lastName": "Migleczi",
    "dateOfBirth": "2025-02-28",
    "password": "k"
}
[2025-03-24 13:33:18] [DEBUG] Controllers/AuthController->register(): FILES Data: {
    "name": [
        ""
    ],
    "full_path": [
        ""
    ],
    "type": [
        ""
    ],
    "tmp_name": [
        ""
    ],
    "error": [
        4
    ],
    "size": [
        0
    ]
}
[2025-03-24 13:33:18] [DEBUG] Models/User()->createUser(migleczi.gergo@icloud.com, k, Gergo Migleczi, 2025-02-28)
[2025-03-24 13:33:18] [WARNING] Models/User()->createUser(): Email already exists: migleczi.gergo@icloud.com
[2025-03-24 13:33:44] [DEBUG] Controllers/AuthController->login(): Login attempt: fungus@example.com password: Pw1
[2025-03-24 13:33:44] [DEBUG] Models/User()->login(fungus@example.com, Pw1): login success
[2025-03-24 13:33:44] [DEBUG] Controllers/AuthController->login(): Login successful: 8
[2025-03-24 13:43:35] [DEBUG] Controllers/AuthController->logout(): Terminate session for profileId: 8
[2025-03-24 13:43:43] [DEBUG] Controllers/AuthController->login(): Login attempt: mike@example.com password: Pw1
[2025-03-24 13:43:43] [DEBUG] Models/User()->login(mike@example.com, Pw1): login success
[2025-03-24 13:43:43] [DEBUG] Controllers/AuthController->login(): Login successful: 2
[2025-03-24 13:45:00] [DEBUG] Controllers/AuthController->logout(): Terminate session for profileId: 2
[2025-03-24 13:45:29] [DEBUG] Controllers/AuthController->login(): Login attempt: mike@example.com password: Pw1
[2025-03-24 13:45:29] [DEBUG] Models/User()->login(mike@example.com, Pw1): login success
[2025-03-24 13:45:29] [DEBUG] Controllers/AuthController->login(): Login successful: 2
[2025-03-24 16:44:58] [DEBUG] Controllers/AuthController->login(): Login attempt: mike@example.com password: Pw1
[2025-03-24 16:44:58] [DEBUG] Models/User()->login(mike@example.com, Pw1): login success
[2025-03-24 16:44:58] [DEBUG] Controllers/AuthController->login(): Login successful: 2
[2025-03-24 21:03:49] [DEBUG] Controllers/AuthController->login(): Login attempt: mike@example.com password: Pw1
[2025-03-24 21:03:49] [DEBUG] Models/User()->login(mike@example.com, Pw1): login success
[2025-03-24 21:03:49] [DEBUG] Controllers/AuthController->login(): Login successful: 2
[2025-03-24 23:03:22] [DEBUG] Controllers/AuthController->logout(): Terminate session for profileId: 2
[2025-03-24 23:03:28] [DEBUG] Controllers/AuthController->login(): Login attempt: roz@example.com password: Pw1
[2025-03-24 23:03:28] [DEBUG] Models/User()->login(roz@example.com, Pw1): login success
[2025-03-24 23:03:28] [DEBUG] Controllers/AuthController->login(): Login successful: 6
[2025-03-24 23:07:53] [DEBUG] Controllers/AuthController->logout(): Terminate session for profileId: 6
[2025-03-24 23:07:58] [DEBUG] Controllers/AuthController->login(): Login attempt: mike@example.com password: Pw1
[2025-03-24 23:07:58] [DEBUG] Models/User()->login(mike@example.com, Pw1): login success
[2025-03-24 23:07:58] [DEBUG] Controllers/AuthController->login(): Login successful: 2
[2025-03-24 23:12:10] [DEBUG] Controllers/AuthController->logout(): Terminate session for profileId: 2
[2025-03-24 23:12:15] [DEBUG] Controllers/AuthController->login(): Login attempt: mike@example.com password: Pw1
[2025-03-24 23:12:15] [DEBUG] Models/User()->login(mike@example.com, Pw1): login success
[2025-03-24 23:12:15] [DEBUG] Controllers/AuthController->login(): Login successful: 2
[2025-03-24 23:12:25] [DEBUG] Controllers/AuthController->logout(): Terminate session for profileId: 2
[2025-03-24 23:12:29] [DEBUG] Controllers/AuthController->login(): Login attempt: roz@example.com password: Pw1
[2025-03-24 23:12:29] [DEBUG] Models/User()->login(roz@example.com, Pw1): login success
[2025-03-24 23:12:29] [DEBUG] Controllers/AuthController->login(): Login successful: 6
[2025-03-24 23:12:38] [DEBUG] Controllers/AuthController->logout(): Terminate session for profileId: 6
[2025-03-24 23:12:42] [DEBUG] Controllers/AuthController->login(): Login attempt: mike@example.com password: Pw1
[2025-03-24 23:12:42] [DEBUG] Models/User()->login(mike@example.com, Pw1): login success
[2025-03-24 23:12:42] [DEBUG] Controllers/AuthController->login(): Login successful: 2
[2025-03-24 23:12:51] [DEBUG] Controllers/AuthController->logout(): Terminate session for profileId: 2
[2025-03-24 23:12:54] [DEBUG] Controllers/AuthController->login(): Login attempt: mike@example.com password: Pw1
[2025-03-24 23:12:54] [DEBUG] Models/User()->login(mike@example.com, Pw1): login success
[2025-03-24 23:12:54] [DEBUG] Controllers/AuthController->login(): Login successful: 2
[2025-03-24 23:13:04] [DEBUG] Controllers/AuthController->logout(): Terminate session for profileId: 2
[2025-03-24 23:13:07] [DEBUG] Controllers/AuthController->login(): Login attempt: roz@example.com password: Pw1
[2025-03-24 23:13:07] [DEBUG] Models/User()->login(roz@example.com, Pw1): login success
[2025-03-24 23:13:07] [DEBUG] Controllers/AuthController->login(): Login successful: 6
[2025-03-26 19:37:52] [DEBUG] Controllers/AuthController->login(): Login attempt: mike@example.com password: Pw1
[2025-03-26 19:37:52] [DEBUG] Models/User()->login(mike@example.com, Pw1): login success
[2025-03-26 19:37:52] [DEBUG] Controllers/AuthController->login(): Login successful: 2
[2025-03-26 20:49:33] [DEBUG] Controllers/AuthController->logout(): Terminate session for profileId: 2
[2025-03-26 20:49:39] [DEBUG] Controllers/AuthController->login(): Login attempt: randall@example.com password: Pw1
[2025-03-26 20:49:39] [DEBUG] Models/User()->login(randall@example.com, Pw1): login success
[2025-03-26 20:49:39] [DEBUG] Controllers/AuthController->login(): Login successful: 1
[2025-03-26 20:49:52] [DEBUG] Controllers/AuthController->logout(): Terminate session for profileId: 1
[2025-03-26 20:49:55] [DEBUG] Controllers/AuthController->login(): Login attempt: mike@example.com password: Pw1
[2025-03-26 20:49:55] [DEBUG] Models/User()->login(mike@example.com, Pw1): login success
[2025-03-26 20:49:55] [DEBUG] Controllers/AuthController->login(): Login successful: 2
[2025-03-26 21:07:47] [DEBUG] Controllers/AuthController->logout(): Terminate session for profileId: 2
[2025-03-26 21:07:55] [DEBUG] Controllers/AuthController->login(): Login attempt: randall@example.com password: Pw1
[2025-03-26 21:07:55] [DEBUG] Models/User()->login(randall@example.com, Pw1): login success
[2025-03-26 21:07:55] [DEBUG] Controllers/AuthController->login(): Login successful: 1
[2025-03-26 23:10:05] [DEBUG] Controllers/AuthController->login(): Login attempt: mike@example.com password: Pw1
[2025-03-26 23:10:05] [DEBUG] Models/User()->login(mike@example.com, Pw1): login success
[2025-03-26 23:10:05] [DEBUG] Controllers/AuthController->login(): Login successful: 2
[2025-03-27 19:37:32] [DEBUG] Controllers/AuthController->login(): Login attempt: mike@example.com password: Pw1
[2025-03-27 19:37:32] [DEBUG] Models/User()->login(mike@example.com, Pw1): login success
[2025-03-27 19:37:32] [DEBUG] Controllers/AuthController->login(): Login successful: 2
[2025-03-27 22:22:24] [DEBUG] Controllers/AuthController->login(): Login attempt: mike@example.com password: Pw1
[2025-03-27 22:22:24] [DEBUG] Models/User()->login(mike@example.com, Pw1): login success
[2025-03-27 22:22:24] [DEBUG] Controllers/AuthController->login(): Login successful: 2
[2025-03-28 20:41:02] [DEBUG] Controllers/AuthController->login(): Login attempt: mike@example.com password: Pw1
[2025-03-28 20:41:02] [DEBUG] Models/User()->login(mike@example.com, Pw1): login success
[2025-03-28 20:41:02] [DEBUG] Controllers/AuthController->login(): Login successful: 2
[2025-03-28 21:16:59] [DEBUG] Controllers/AuthController->logout(): Terminate session for profileId: 2
[2025-03-28 21:17:11] [DEBUG] Controllers/AuthController->login(): Login attempt: sully@example.com password: Pw1
[2025-03-28 21:17:11] [DEBUG] Models/User()->login(sully@example.com, Pw1): login success
[2025-03-28 21:17:11] [DEBUG] Controllers/AuthController->login(): Login successful: 3
[2025-03-28 21:32:12] [DEBUG] Controllers/AuthController->logout(): Terminate session for profileId: 3
[2025-03-28 21:32:17] [DEBUG] Controllers/AuthController->login(): Login attempt: mike@example.com password: Pw1
[2025-03-28 21:32:17] [DEBUG] Models/User()->login(mike@example.com, Pw1): login success
[2025-03-28 21:32:17] [DEBUG] Controllers/AuthController->login(): Login successful: 2
[2025-03-28 21:32:42] [DEBUG] Controllers/AuthController->logout(): Terminate session for profileId: 2
[2025-03-28 21:32:46] [DEBUG] Controllers/AuthController->login(): Login attempt: mike@example.com password: Pw1
[2025-03-28 21:32:46] [DEBUG] Models/User()->login(mike@example.com, Pw1): login success
[2025-03-28 21:32:46] [DEBUG] Controllers/AuthController->login(): Login successful: 2
[2025-03-28 21:32:56] [DEBUG] Controllers/AuthController->logout(): Terminate session for profileId: 2
[2025-03-28 21:33:05] [DEBUG] Controllers/AuthController->login(): Login attempt: sully@example.com password: Pw1
[2025-03-28 21:33:05] [DEBUG] Models/User()->login(sully@example.com, Pw1): login success
[2025-03-28 21:33:05] [DEBUG] Controllers/AuthController->login(): Login successful: 3
[2025-03-29 15:18:58] [DEBUG] Controllers/AuthController->login(): Login attempt: mike@example.com password: Pw1
[2025-03-29 15:18:58] [DEBUG] Models/User()->login(mike@example.com, Pw1): login success
[2025-03-29 15:18:58] [DEBUG] Controllers/AuthController->login(): Login successful: 2
[2025-03-29 17:24:07] [DEBUG] Controllers/AuthController->login(): Login attempt: mike@example.com password: Pw1
[2025-03-29 17:24:07] [DEBUG] Models/User()->login(mike@example.com, Pw1): login success
[2025-03-29 17:24:07] [DEBUG] Controllers/AuthController->login(): Login successful: 2
[2025-03-29 19:24:10] [DEBUG] Controllers/AuthController->login(): Login attempt: mike@example.com password: Pw1
[2025-03-29 19:24:10] [DEBUG] Models/User()->login(mike@example.com, Pw1): login success
[2025-03-29 19:24:11] [DEBUG] Controllers/AuthController->login(): Login successful: 2
[2025-03-29 20:19:51] [DEBUG] Controllers/AuthController->logout(): Terminate session for profileId: 2
[2025-03-29 20:19:57] [DEBUG] Controllers/AuthController->login(): Login attempt: randall@example.com password: Pw1
[2025-03-29 20:19:57] [DEBUG] Models/User()->login(randall@example.com, Pw1): login success
[2025-03-29 20:19:57] [DEBUG] Controllers/AuthController->login(): Login successful: 1
[2025-03-29 20:21:47] [DEBUG] Controllers/AuthController->logout(): Terminate session for profileId: 1
[2025-03-29 20:21:53] [DEBUG] Controllers/AuthController->login(): Login attempt: mike@example.com password: Pw1
[2025-03-29 20:21:53] [DEBUG] Models/User()->login(mike@example.com, Pw1): login success
[2025-03-29 20:21:53] [DEBUG] Controllers/AuthController->login(): Login successful: 2
[2025-03-29 21:36:16] [DEBUG] Controllers/AuthController->logout(): Terminate session for profileId: 2
[2025-03-29 21:36:22] [DEBUG] Controllers/AuthController->login(): Login attempt: randall@example.com password: Pw1
[2025-03-29 21:36:22] [DEBUG] Models/User()->login(randall@example.com, Pw1): login success
[2025-03-29 21:36:22] [DEBUG] Controllers/AuthController->login(): Login successful: 1
[2025-03-29 23:40:09] [DEBUG] Controllers/AuthController->login(): Login attempt: randall@example.com password: Pw1
[2025-03-29 23:40:09] [DEBUG] Models/User()->login(randall@example.com, Pw1): login success
[2025-03-29 23:40:09] [DEBUG] Controllers/AuthController->login(): Login successful: 1
[2025-03-29 23:51:56] [DEBUG] Controllers/AuthController->logout(): Terminate session for profileId: 1
[2025-03-29 23:52:01] [DEBUG] Controllers/AuthController->login(): Login attempt: sully@example.com password: Pw1
[2025-03-29 23:52:01] [DEBUG] Models/User()->login(sully@example.com, Pw1): login success
[2025-03-29 23:52:01] [DEBUG] Controllers/AuthController->login(): Login successful: 3
[2025-03-29 23:52:19] [DEBUG] Controllers/AuthController->logout(): Terminate session for profileId: 3
[2025-03-29 23:52:23] [DEBUG] Controllers/AuthController->login(): Login attempt: randall@example.com password: Pw1
[2025-03-29 23:52:23] [DEBUG] Models/User()->login(randall@example.com, Pw1): login success
[2025-03-29 23:52:23] [DEBUG] Controllers/AuthController->login(): Login successful: 1
[2025-03-30 10:54:36] [DEBUG] Controllers/AuthController->login(): Login attempt: mike@example.com password: Pw1
[2025-03-30 10:54:36] [DEBUG] Models/User()->login(mike@example.com, Pw1): login success
[2025-03-30 10:54:36] [DEBUG] Controllers/AuthController->login(): Login successful: 2
