[2025-03-29 18:33:02] [DEBUG] Models/BlockedProfile->blockProfile(2, 4): Blocking profile
[2025-03-29 18:33:02] [DEBUG] Models/BlockedProfile->isProfileBlocked(2, 4): Checking if profile is blocked
[2025-03-29 18:33:02] [DEBUG] Models/BlockedProfile->isProfileBlocked(2, 4): Result: not blocked
[2025-03-29 18:33:02] [DEBUG] Models/BlockedProfile->blockProfile(2, 4): Successfully blocked profile
[2025-03-29 18:35:17] [DEBUG] Models/BlockedProfile->unblockProfile(2, 4): Unblocking profile
[2025-03-29 18:35:17] [DEBUG] Models/BlockedProfile->isProfileBlocked(2, 4): Checking if profile is blocked
[2025-03-29 18:35:17] [DEBUG] Models/BlockedProfile->isProfileBlocked(2, 4): Result: blocked
[2025-03-29 18:35:17] [DEBUG] Models/BlockedProfile->unblockProfile(2, 4): Successfully unblocked profile
[2025-03-29 18:35:34] [DEBUG] Models/BlockedProfile->blockProfile(2, 4): Blocking profile
[2025-03-29 18:35:34] [DEBUG] Models/BlockedProfile->isProfileBlocked(2, 4): Checking if profile is blocked
[2025-03-29 18:35:34] [DEBUG] Models/BlockedProfile->isProfileBlocked(2, 4): Result: not blocked
[2025-03-29 18:35:34] [DEBUG] Models/BlockedProfile->blockProfile(2, 4): Successfully blocked profile
[2025-03-29 19:15:41] [DEBUG] Models/BlockedProfile->unblockProfile(2, 4): Unblocking profile
[2025-03-29 19:15:41] [DEBUG] Models/BlockedProfile->isProfileBlocked(2, 4): Checking if profile is blocked
[2025-03-29 19:15:41] [DEBUG] Models/BlockedProfile->isProfileBlocked(2, 4): Result: blocked
[2025-03-29 19:15:41] [DEBUG] Models/BlockedProfile->unblockProfile(2, 4): Successfully unblocked profile
[2025-03-29 19:39:23] [DEBUG] Models/BlockedProfile->blockProfile(2, 1): Blocking profile
[2025-03-29 19:39:23] [DEBUG] Models/BlockedProfile->isProfileBlocked(2, 1): Checking if profile is blocked
[2025-03-29 19:39:23] [DEBUG] Models/BlockedProfile->isProfileBlocked(2, 1): Result: not blocked
[2025-03-29 19:39:23] [DEBUG] Models/BlockedProfile->blockProfile(2, 1): Successfully blocked profile
[2025-03-29 19:43:08] [DEBUG] Models/BlockedProfile->unblockProfile(2, 1): Unblocking profile
[2025-03-29 19:43:08] [DEBUG] Models/BlockedProfile->isProfileBlocked(2, 1): Checking if profile is blocked
[2025-03-29 19:43:08] [DEBUG] Models/BlockedProfile->isProfileBlocked(2, 1): Result: blocked
[2025-03-29 19:43:08] [DEBUG] Models/BlockedProfile->unblockProfile(2, 1): Successfully unblocked profile
[2025-03-29 19:43:12] [DEBUG] Models/BlockedProfile->blockProfile(2, 1): Blocking profile
[2025-03-29 19:43:12] [DEBUG] Models/BlockedProfile->isProfileBlocked(2, 1): Checking if profile is blocked
[2025-03-29 19:43:12] [DEBUG] Models/BlockedProfile->isProfileBlocked(2, 1): Result: not blocked
[2025-03-29 19:43:12] [DEBUG] Models/BlockedProfile->blockProfile(2, 1): Successfully blocked profile
[2025-03-29 19:43:15] [DEBUG] Models/BlockedProfile->unblockProfile(2, 1): Unblocking profile
[2025-03-29 19:43:15] [DEBUG] Models/BlockedProfile->isProfileBlocked(2, 1): Checking if profile is blocked
[2025-03-29 19:43:15] [DEBUG] Models/BlockedProfile->isProfileBlocked(2, 1): Result: blocked
[2025-03-29 19:43:15] [DEBUG] Models/BlockedProfile->unblockProfile(2, 1): Successfully unblocked profile
[2025-03-29 19:43:24] [DEBUG] Models/BlockedProfile->blockProfile(2, 1): Blocking profile
[2025-03-29 19:43:24] [DEBUG] Models/BlockedProfile->isProfileBlocked(2, 1): Checking if profile is blocked
[2025-03-29 19:43:24] [DEBUG] Models/BlockedProfile->isProfileBlocked(2, 1): Result: not blocked
[2025-03-29 19:43:24] [DEBUG] Models/BlockedProfile->blockProfile(2, 1): Successfully blocked profile
[2025-03-29 19:43:29] [DEBUG] Models/BlockedProfile->unblockProfile(2, 1): Unblocking profile
[2025-03-29 19:43:29] [DEBUG] Models/BlockedProfile->isProfileBlocked(2, 1): Checking if profile is blocked
[2025-03-29 19:43:29] [DEBUG] Models/BlockedProfile->isProfileBlocked(2, 1): Result: blocked
[2025-03-29 19:43:29] [DEBUG] Models/BlockedProfile->unblockProfile(2, 1): Successfully unblocked profile
[2025-03-29 19:43:35] [DEBUG] Models/BlockedProfile->blockProfile(2, 1): Blocking profile
[2025-03-29 19:43:35] [DEBUG] Models/BlockedProfile->isProfileBlocked(2, 1): Checking if profile is blocked
[2025-03-29 19:43:35] [DEBUG] Models/BlockedProfile->isProfileBlocked(2, 1): Result: not blocked
[2025-03-29 19:43:35] [DEBUG] Models/BlockedProfile->blockProfile(2, 1): Successfully blocked profile
[2025-03-29 19:43:44] [DEBUG] Models/BlockedProfile->unblockProfile(2, 1): Unblocking profile
[2025-03-29 19:43:44] [DEBUG] Models/BlockedProfile->isProfileBlocked(2, 1): Checking if profile is blocked
[2025-03-29 19:43:44] [DEBUG] Models/BlockedProfile->isProfileBlocked(2, 1): Result: blocked
[2025-03-29 19:43:44] [DEBUG] Models/BlockedProfile->unblockProfile(2, 1): Successfully unblocked profile
[2025-03-29 20:04:21] [DEBUG] Models/BlockedProfile->blockProfile(2, 1): Blocking profile
[2025-03-29 20:04:21] [DEBUG] Models/BlockedProfile->isProfileBlocked(2, 1): Checking if profile is blocked
[2025-03-29 20:04:21] [DEBUG] Models/BlockedProfile->isProfileBlocked(2, 1): Result: not blocked
[2025-03-29 20:04:21] [DEBUG] Models/BlockedProfile->blockProfile(2, 1): Successfully blocked profile
[2025-03-29 20:04:21] [DEBUG] Models/Friends->unfriend(2, 1)
[2025-03-29 20:04:22] [DEBUG] Models/BlockedProfile->unblockProfile(2, 1): Unblocking profile
[2025-03-29 20:04:22] [DEBUG] Models/BlockedProfile->isProfileBlocked(2, 1): Checking if profile is blocked
[2025-03-29 20:04:22] [DEBUG] Models/BlockedProfile->isProfileBlocked(2, 1): Result: blocked
[2025-03-29 20:04:22] [DEBUG] Models/BlockedProfile->unblockProfile(2, 1): Successfully unblocked profile
[2025-03-29 20:04:22] [DEBUG] Models/BlockedProfile->isProfileBlocked(1, 2): Checking if profile is blocked
[2025-03-29 20:04:22] [DEBUG] Models/BlockedProfile->isProfileBlocked(1, 2): Result: not blocked
[2025-03-29 20:19:12] [DEBUG] Models/BlockedProfile->blockProfile(2, 1): Blocking profile
[2025-03-29 20:19:12] [DEBUG] Models/BlockedProfile->isProfileBlocked(2, 1): Checking if profile is blocked
[2025-03-29 20:19:12] [DEBUG] Models/BlockedProfile->isProfileBlocked(2, 1): Result: not blocked
[2025-03-29 20:19:12] [DEBUG] Models/BlockedProfile->blockProfile(2, 1): Successfully blocked profile
[2025-03-29 20:19:12] [DEBUG] Models/Friends->unfriend(2, 1)
[2025-03-29 20:19:14] [DEBUG] Models/BlockedProfile->unblockProfile(2, 1): Unblocking profile
[2025-03-29 20:19:14] [DEBUG] Models/BlockedProfile->isProfileBlocked(2, 1): Checking if profile is blocked
[2025-03-29 20:19:14] [DEBUG] Models/BlockedProfile->isProfileBlocked(2, 1): Result: blocked
[2025-03-29 20:19:14] [DEBUG] Models/BlockedProfile->unblockProfile(2, 1): Successfully unblocked profile
[2025-03-29 20:19:14] [DEBUG] Models/BlockedProfile->isProfileBlocked(1, 2): Checking if profile is blocked
[2025-03-29 20:19:14] [DEBUG] Models/BlockedProfile->isProfileBlocked(1, 2): Result: not blocked
[2025-03-29 20:19:45] [DEBUG] Models/BlockedProfile->blockProfile(2, 1): Blocking profile
[2025-03-29 20:19:45] [DEBUG] Models/BlockedProfile->isProfileBlocked(2, 1): Checking if profile is blocked
[2025-03-29 20:19:45] [DEBUG] Models/BlockedProfile->isProfileBlocked(2, 1): Result: not blocked
[2025-03-29 20:19:45] [DEBUG] Models/BlockedProfile->blockProfile(2, 1): Successfully blocked profile
[2025-03-29 20:19:45] [DEBUG] Models/Friends->unfriend(2, 1)
[2025-03-29 20:21:57] [DEBUG] Models/BlockedProfile->unblockProfile(2, 1): Unblocking profile
[2025-03-29 20:21:57] [DEBUG] Models/BlockedProfile->isProfileBlocked(2, 1): Checking if profile is blocked
[2025-03-29 20:21:57] [DEBUG] Models/BlockedProfile->isProfileBlocked(2, 1): Result: blocked
[2025-03-29 20:21:57] [DEBUG] Models/BlockedProfile->unblockProfile(2, 1): Successfully unblocked profile
[2025-03-29 20:21:57] [DEBUG] Models/BlockedProfile->isProfileBlocked(1, 2): Checking if profile is blocked
[2025-03-29 20:21:57] [DEBUG] Models/BlockedProfile->isProfileBlocked(1, 2): Result: not blocked
[2025-03-29 20:22:36] [DEBUG] Models/BlockedProfile->blockProfile(2, 1): Blocking profile
[2025-03-29 20:22:36] [DEBUG] Models/BlockedProfile->isProfileBlocked(2, 1): Checking if profile is blocked
[2025-03-29 20:22:36] [DEBUG] Models/BlockedProfile->isProfileBlocked(2, 1): Result: not blocked
[2025-03-29 20:22:36] [DEBUG] Models/BlockedProfile->blockProfile(2, 1): Successfully blocked profile
[2025-03-29 20:22:36] [DEBUG] Models/Friends->unfriend(2, 1)
[2025-03-29 20:22:36] [DEBUG] Models/Friends->cancelFriendRequest(1, 2)
[2025-03-29 20:22:45] [DEBUG] Models/BlockedProfile->unblockProfile(2, 1): Unblocking profile
[2025-03-29 20:22:45] [DEBUG] Models/BlockedProfile->isProfileBlocked(2, 1): Checking if profile is blocked
[2025-03-29 20:22:45] [DEBUG] Models/BlockedProfile->isProfileBlocked(2, 1): Result: blocked
[2025-03-29 20:22:45] [DEBUG] Models/BlockedProfile->unblockProfile(2, 1): Successfully unblocked profile
[2025-03-29 20:22:45] [DEBUG] Models/BlockedProfile->isProfileBlocked(1, 2): Checking if profile is blocked
[2025-03-29 20:22:45] [DEBUG] Models/BlockedProfile->isProfileBlocked(1, 2): Result: not blocked
[2025-03-29 20:25:48] [DEBUG] Models/BlockedProfile->blockProfile(2, 1): Blocking profile
[2025-03-29 20:25:48] [DEBUG] Models/BlockedProfile->isProfileBlocked(2, 1): Checking if profile is blocked
[2025-03-29 20:25:48] [DEBUG] Models/BlockedProfile->isProfileBlocked(2, 1): Result: not blocked
[2025-03-29 20:25:48] [DEBUG] Models/BlockedProfile->blockProfile(2, 1): Successfully blocked profile
[2025-03-29 20:25:48] [DEBUG] Models/Friends->unfriend(2, 1)
[2025-03-29 20:25:48] [DEBUG] Models/Friends->cancelFriendRequest(1, 2)
[2025-03-29 20:25:49] [DEBUG] Models/BlockedProfile->unblockProfile(2, 1): Unblocking profile
[2025-03-29 20:25:49] [DEBUG] Models/BlockedProfile->isProfileBlocked(2, 1): Checking if profile is blocked
[2025-03-29 20:25:49] [DEBUG] Models/BlockedProfile->isProfileBlocked(2, 1): Result: blocked
[2025-03-29 20:25:49] [DEBUG] Models/BlockedProfile->unblockProfile(2, 1): Successfully unblocked profile
[2025-03-29 20:25:49] [DEBUG] Models/BlockedProfile->isProfileBlocked(1, 2): Checking if profile is blocked
[2025-03-29 20:25:49] [DEBUG] Models/BlockedProfile->isProfileBlocked(1, 2): Result: not blocked
[2025-03-29 20:25:59] [DEBUG] Models/BlockedProfile->blockProfile(2, 1): Blocking profile
[2025-03-29 20:25:59] [DEBUG] Models/BlockedProfile->isProfileBlocked(2, 1): Checking if profile is blocked
[2025-03-29 20:25:59] [DEBUG] Models/BlockedProfile->isProfileBlocked(2, 1): Result: not blocked
[2025-03-29 20:25:59] [DEBUG] Models/BlockedProfile->blockProfile(2, 1): Successfully blocked profile
[2025-03-29 20:25:59] [DEBUG] Models/Friends->unfriend(2, 1)
[2025-03-29 20:25:59] [DEBUG] Models/Friends->cancelFriendRequest(1, 2)
[2025-03-29 20:26:00] [DEBUG] Models/BlockedProfile->unblockProfile(2, 1): Unblocking profile
[2025-03-29 20:26:00] [DEBUG] Models/BlockedProfile->isProfileBlocked(2, 1): Checking if profile is blocked
[2025-03-29 20:26:00] [DEBUG] Models/BlockedProfile->isProfileBlocked(2, 1): Result: blocked
[2025-03-29 20:26:00] [DEBUG] Models/BlockedProfile->unblockProfile(2, 1): Successfully unblocked profile
[2025-03-29 20:26:00] [DEBUG] Models/BlockedProfile->isProfileBlocked(1, 2): Checking if profile is blocked
[2025-03-29 20:26:00] [DEBUG] Models/BlockedProfile->isProfileBlocked(1, 2): Result: not blocked
[2025-03-29 21:29:59] [DEBUG] Models/BlockedProfile->blockProfile(2, 1): Blocking profile
[2025-03-29 21:29:59] [DEBUG] Models/BlockedProfile->isProfileBlocked(2, 1): Checking if profile is blocked
[2025-03-29 21:29:59] [DEBUG] Models/BlockedProfile->isProfileBlocked(2, 1): Result: not blocked
[2025-03-29 21:29:59] [DEBUG] Models/BlockedProfile->blockProfile(2, 1): Successfully blocked profile
[2025-03-29 21:29:59] [DEBUG] Models/Friends->unfriend(1, 2)
[2025-03-29 21:29:59] [DEBUG] Models/Friends->cancelFriendRequest(1, 2)
[2025-03-29 21:29:59] [DEBUG] Models/Friends->getFriendStatus(1, 2)
[2025-03-29 21:29:59] [DEBUG] Models/Friends->isFriend(1, 2)
[2025-03-29 21:30:00] [DEBUG] Models/BlockedProfile->unblockProfile(2, 1): Unblocking profile
[2025-03-29 21:30:00] [DEBUG] Models/BlockedProfile->isProfileBlocked(2, 1): Checking if profile is blocked
[2025-03-29 21:30:00] [DEBUG] Models/BlockedProfile->isProfileBlocked(2, 1): Result: blocked
[2025-03-29 21:30:00] [DEBUG] Models/BlockedProfile->unblockProfile(2, 1): Successfully unblocked profile
[2025-03-29 21:30:00] [DEBUG] Models/BlockedProfile->isProfileBlocked(1, 2): Checking if profile is blocked
[2025-03-29 21:30:00] [DEBUG] Models/BlockedProfile->isProfileBlocked(1, 2): Result: not blocked
[2025-03-29 21:30:17] [DEBUG] Models/BlockedProfile->blockProfile(2, 1): Blocking profile
[2025-03-29 21:30:17] [DEBUG] Models/BlockedProfile->isProfileBlocked(2, 1): Checking if profile is blocked
[2025-03-29 21:30:17] [DEBUG] Models/BlockedProfile->isProfileBlocked(2, 1): Result: not blocked
[2025-03-29 21:30:17] [DEBUG] Models/BlockedProfile->blockProfile(2, 1): Successfully blocked profile
[2025-03-29 21:30:17] [DEBUG] Models/Friends->unfriend(1, 2)
[2025-03-29 21:30:17] [DEBUG] Models/Friends->cancelFriendRequest(1, 2)
[2025-03-29 21:30:17] [DEBUG] Models/Friends->getFriendStatus(1, 2)
[2025-03-29 21:30:17] [DEBUG] Models/Friends->isFriend(1, 2)
[2025-03-29 21:30:18] [DEBUG] Models/BlockedProfile->unblockProfile(2, 1): Unblocking profile
[2025-03-29 21:30:18] [DEBUG] Models/BlockedProfile->isProfileBlocked(2, 1): Checking if profile is blocked
[2025-03-29 21:30:18] [DEBUG] Models/BlockedProfile->isProfileBlocked(2, 1): Result: blocked
[2025-03-29 21:30:18] [DEBUG] Models/BlockedProfile->unblockProfile(2, 1): Successfully unblocked profile
[2025-03-29 21:30:18] [DEBUG] Models/BlockedProfile->isProfileBlocked(1, 2): Checking if profile is blocked
[2025-03-29 21:30:18] [DEBUG] Models/BlockedProfile->isProfileBlocked(1, 2): Result: not blocked
[2025-03-29 21:34:28] [DEBUG] Models/BlockedProfile->blockProfile(2, 1): Blocking profile
[2025-03-29 21:34:28] [DEBUG] Models/BlockedProfile->isProfileBlocked(2, 1): Checking if profile is blocked
[2025-03-29 21:34:28] [DEBUG] Models/BlockedProfile->isProfileBlocked(2, 1): Result: not blocked
[2025-03-29 21:34:28] [DEBUG] Models/BlockedProfile->blockProfile(2, 1): Successfully blocked profile
[2025-03-29 21:34:28] [DEBUG] Models/Friends->unfriend(1, 2)
[2025-03-29 21:34:28] [DEBUG] Models/Friends->cancelFriendRequest(1, 2)
[2025-03-29 21:34:28] [DEBUG] Models/Friends->getFriendStatus(1, 2)
[2025-03-29 21:34:28] [DEBUG] Models/Friends->isFriend(1, 2)
[2025-03-29 21:34:45] [DEBUG] Models/BlockedProfile->unblockProfile(2, 1): Unblocking profile
[2025-03-29 21:34:45] [DEBUG] Models/BlockedProfile->isProfileBlocked(2, 1): Checking if profile is blocked
[2025-03-29 21:34:45] [DEBUG] Models/BlockedProfile->isProfileBlocked(2, 1): Result: blocked
[2025-03-29 21:34:45] [DEBUG] Models/BlockedProfile->unblockProfile(2, 1): Successfully unblocked profile
[2025-03-29 21:34:45] [DEBUG] Models/BlockedProfile->isProfileBlocked(1, 2): Checking if profile is blocked
[2025-03-29 21:34:45] [DEBUG] Models/BlockedProfile->isProfileBlocked(1, 2): Result: not blocked
[2025-03-29 21:34:55] [DEBUG] Models/BlockedProfile->blockProfile(2, 1): Blocking profile
[2025-03-29 21:34:55] [DEBUG] Models/BlockedProfile->isProfileBlocked(2, 1): Checking if profile is blocked
[2025-03-29 21:34:55] [DEBUG] Models/BlockedProfile->isProfileBlocked(2, 1): Result: not blocked
[2025-03-29 21:34:55] [DEBUG] Models/BlockedProfile->blockProfile(2, 1): Successfully blocked profile
[2025-03-29 21:34:55] [DEBUG] Models/Friends->unfriend(1, 2)
[2025-03-29 21:34:55] [DEBUG] Models/Friends->cancelFriendRequest(1, 2)
[2025-03-29 21:34:55] [DEBUG] Models/Friends->getFriendStatus(1, 2)
[2025-03-29 21:34:55] [DEBUG] Models/Friends->isFriend(1, 2)
[2025-03-29 21:34:56] [DEBUG] Models/BlockedProfile->unblockProfile(2, 1): Unblocking profile
[2025-03-29 21:34:56] [DEBUG] Models/BlockedProfile->isProfileBlocked(2, 1): Checking if profile is blocked
[2025-03-29 21:34:56] [DEBUG] Models/BlockedProfile->isProfileBlocked(2, 1): Result: blocked
[2025-03-29 21:34:56] [DEBUG] Models/BlockedProfile->unblockProfile(2, 1): Successfully unblocked profile
[2025-03-29 21:34:56] [DEBUG] Models/BlockedProfile->isProfileBlocked(1, 2): Checking if profile is blocked
[2025-03-29 21:34:56] [DEBUG] Models/BlockedProfile->isProfileBlocked(1, 2): Result: not blocked
[2025-03-29 21:34:57] [DEBUG] Models/BlockedProfile->blockProfile(2, 1): Blocking profile
[2025-03-29 21:34:57] [DEBUG] Models/BlockedProfile->isProfileBlocked(2, 1): Checking if profile is blocked
[2025-03-29 21:34:57] [DEBUG] Models/BlockedProfile->isProfileBlocked(2, 1): Result: not blocked
[2025-03-29 21:34:57] [DEBUG] Models/BlockedProfile->blockProfile(2, 1): Successfully blocked profile
[2025-03-29 21:34:57] [DEBUG] Models/Friends->unfriend(1, 2)
[2025-03-29 21:34:57] [DEBUG] Models/Friends->cancelFriendRequest(1, 2)
[2025-03-29 21:34:57] [DEBUG] Models/Friends->getFriendStatus(1, 2)
[2025-03-29 21:34:57] [DEBUG] Models/Friends->isFriend(1, 2)
[2025-03-29 21:34:58] [DEBUG] Models/BlockedProfile->unblockProfile(2, 1): Unblocking profile
[2025-03-29 21:34:58] [DEBUG] Models/BlockedProfile->isProfileBlocked(2, 1): Checking if profile is blocked
[2025-03-29 21:34:58] [DEBUG] Models/BlockedProfile->isProfileBlocked(2, 1): Result: blocked
[2025-03-29 21:34:58] [DEBUG] Models/BlockedProfile->unblockProfile(2, 1): Successfully unblocked profile
[2025-03-29 21:34:58] [DEBUG] Models/BlockedProfile->isProfileBlocked(1, 2): Checking if profile is blocked
[2025-03-29 21:34:58] [DEBUG] Models/BlockedProfile->isProfileBlocked(1, 2): Result: not blocked
[2025-03-29 21:36:12] [DEBUG] Models/BlockedProfile->blockProfile(2, 1): Blocking profile
[2025-03-29 21:36:12] [DEBUG] Models/BlockedProfile->isProfileBlocked(2, 1): Checking if profile is blocked
[2025-03-29 21:36:12] [DEBUG] Models/BlockedProfile->isProfileBlocked(2, 1): Result: not blocked
[2025-03-29 21:36:12] [DEBUG] Models/BlockedProfile->blockProfile(2, 1): Successfully blocked profile
[2025-03-29 21:36:12] [DEBUG] Models/Friends->unfriend(1, 2)
[2025-03-29 21:36:12] [DEBUG] Models/Friends->cancelFriendRequest(1, 2)
[2025-03-29 21:36:12] [DEBUG] Models/Friends->getFriendStatus(1, 2)
[2025-03-29 21:36:12] [DEBUG] Models/Friends->isFriend(1, 2)
[2025-03-29 21:36:29] [DEBUG] Models/BlockedProfile->blockProfile(1, 2): Blocking profile
[2025-03-29 21:36:29] [DEBUG] Models/BlockedProfile->isProfileBlocked(1, 2): Checking if profile is blocked
[2025-03-29 21:36:29] [DEBUG] Models/BlockedProfile->isProfileBlocked(1, 2): Result: not blocked
[2025-03-29 21:36:29] [DEBUG] Models/BlockedProfile->blockProfile(1, 2): Successfully blocked profile
[2025-03-29 21:36:29] [DEBUG] Models/Friends->unfriend(2, 1)
[2025-03-29 21:36:29] [DEBUG] Models/Friends->cancelFriendRequest(2, 1)
[2025-03-29 21:36:29] [DEBUG] Models/Friends->getFriendStatus(2, 1)
[2025-03-29 21:36:29] [DEBUG] Models/Friends->isFriend(2, 1)
[2025-03-29 21:36:31] [DEBUG] Models/BlockedProfile->unblockProfile(1, 2): Unblocking profile
[2025-03-29 21:36:31] [DEBUG] Models/BlockedProfile->isProfileBlocked(1, 2): Checking if profile is blocked
[2025-03-29 21:36:31] [DEBUG] Models/BlockedProfile->isProfileBlocked(1, 2): Result: blocked
[2025-03-29 21:36:31] [DEBUG] Models/BlockedProfile->unblockProfile(1, 2): Successfully unblocked profile
[2025-03-29 21:36:31] [DEBUG] Models/BlockedProfile->isProfileBlocked(2, 1): Checking if profile is blocked
[2025-03-29 21:36:31] [DEBUG] Models/BlockedProfile->isProfileBlocked(2, 1): Result: blocked
[2025-03-29 23:40:40] [DEBUG] Models/BlockedProfile->blockProfile(1, 3): Blocking profile
[2025-03-29 23:40:40] [DEBUG] Models/BlockedProfile->isProfileBlocked(1, 3): Checking if profile is blocked
[2025-03-29 23:40:40] [DEBUG] Models/BlockedProfile->isProfileBlocked(1, 3): Result: not blocked
[2025-03-29 23:40:40] [DEBUG] Models/BlockedProfile->blockProfile(1, 3): Successfully blocked profile
[2025-03-29 23:40:40] [DEBUG] Models/Friends->unfriend(3, 1)
[2025-03-29 23:40:40] [DEBUG] Models/Friends->cancelFriendRequest(3, 1)
[2025-03-29 23:40:40] [DEBUG] Models/Friends->getFriendStatus(3, 1)
[2025-03-29 23:40:40] [DEBUG] Models/Friends->isFriend(3, 1)
[2025-03-29 23:40:54] [DEBUG] Models/BlockedProfile->unblockProfile(1, 3): Unblocking profile
[2025-03-29 23:40:54] [DEBUG] Models/BlockedProfile->isProfileBlocked(1, 3): Checking if profile is blocked
[2025-03-29 23:40:54] [DEBUG] Models/BlockedProfile->isProfileBlocked(1, 3): Result: blocked
[2025-03-29 23:40:54] [DEBUG] Models/BlockedProfile->unblockProfile(1, 3): Successfully unblocked profile
[2025-03-29 23:40:54] [DEBUG] Models/BlockedProfile->isProfileBlocked(3, 1): Checking if profile is blocked
[2025-03-29 23:40:54] [DEBUG] Models/BlockedProfile->isProfileBlocked(3, 1): Result: not blocked
