[2025-03-22 16:28:08] [DEBUG] Controllers/CommentController->getComments(17)
[2025-03-22 16:28:14] [DEBUG] Controllers/CommentController->createComments(17)
[2025-03-22 16:28:14] [DEBUG] Saving comment: post_id=17, profile_id=2
[2025-03-22 16:28:14] [DEBUG] New comment ID: 35
[2025-03-22 16:28:14] [DEBUG] CommentDTO [  id: 35,
		  profile: {ProfileDTO [
  id: 2,
  fullName: Mike Wazowski,
  profilePicture: mike.png,
  userId: 2,
  dateOfBirth: null
]},
		  date: 22/03/2025,
		  content: yeah
]
[2025-03-22 16:28:16] [DEBUG] Controllers/CommentController->getComments(17)
[2025-03-22 16:28:16] [DEBUG] Models/Comment::getComments(17): Processing comment id: 35
[2025-03-22 17:34:44] [DEBUG] Controllers/CommentController->getComments(29)
[2025-03-22 17:34:47] [DEBUG] Controllers/CommentController->createComments(29)
[2025-03-22 17:34:47] [DEBUG] Saving comment: post_id=29, profile_id=1
[2025-03-22 17:34:47] [DEBUG] New comment ID: 36
[2025-03-22 17:34:47] [DEBUG] CommentDTO [  id: 36,
		  profile: {ProfileDTO [
  id: 1,
  fullName: Randall,
  profilePicture: randall.png,
  userId: 1,
  dateOfBirth: null
]},
		  date: 22/03/2025,
		  content: comment
]
[2025-03-22 17:34:56] [DEBUG] Controllers/CommentController->getComments(29)
[2025-03-22 17:34:56] [DEBUG] Models/Comment::getComments(29): Processing comment id: 36
[2025-03-22 19:36:03] [DEBUG] Controllers/CommentController->getComments(1)
[2025-03-22 19:36:03] [DEBUG] Models/Comment::getComments(1): Processing comment id: 34
[2025-03-22 19:36:03] [DEBUG] Models/Comment::getComments(1): Processing comment id: 33
[2025-03-22 19:36:03] [DEBUG] Models/Comment::getComments(1): Processing comment id: 31
[2025-03-22 19:36:03] [DEBUG] Models/Comment::getComments(1): Processing comment id: 30
[2025-03-22 19:36:03] [DEBUG] Models/Comment::getComments(1): Processing comment id: 29
[2025-03-22 19:36:03] [DEBUG] Models/Comment::getComments(1): Processing comment id: 28
[2025-03-22 19:36:03] [DEBUG] Models/Comment::getComments(1): Processing comment id: 22
[2025-03-22 19:36:03] [DEBUG] Models/Comment::getComments(1): Processing comment id: 21
[2025-03-22 19:36:03] [DEBUG] Models/Comment::getComments(1): Processing comment id: 20
[2025-03-22 19:36:03] [DEBUG] Models/Comment::getComments(1): Processing comment id: 19
[2025-03-22 19:36:03] [DEBUG] Models/Comment::getComments(1): Processing comment id: 18
[2025-03-22 19:36:03] [DEBUG] Models/Comment::getComments(1): Processing comment id: 17
[2025-03-22 19:36:03] [DEBUG] Models/Comment::getComments(1): Processing comment id: 1
[2025-03-22 19:36:03] [DEBUG] Models/Comment::getComments(1): Processing comment id: 2
[2025-03-22 19:36:13] [DEBUG] Controllers/CommentController->createComments(1)
[2025-03-22 19:36:13] [DEBUG] Saving comment: post_id=1, profile_id=2
[2025-03-22 19:36:13] [DEBUG] New comment ID: 37
[2025-03-22 19:36:13] [DEBUG] CommentDTO [  id: 37,
		  profile: {ProfileDTO [
  id: 2,
  fullName: Mike Wazowski,
  profilePicture: mike.png,
  userId: 2,
  dateOfBirth: null
]},
		  date: 22/03/2025,
		  content: You are hella ugly
]
[2025-03-22 20:30:35] [DEBUG] Controllers/CommentController->getComments(2)
[2025-03-22 20:30:35] [DEBUG] Models/Comment::getComments(2): Processing comment id: 3
[2025-03-22 20:30:35] [DEBUG] Models/Comment::getComments(2): Processing comment id: 4
[2025-03-22 20:30:49] [DEBUG] Controllers/CommentController->getComments(8)
[2025-03-22 20:30:49] [DEBUG] Models/Comment::getComments(8): Processing comment id: 12
[2025-03-22 20:30:53] [DEBUG] Controllers/CommentController->getComments(3)
[2025-03-22 20:30:53] [DEBUG] Models/Comment::getComments(3): Processing comment id: 5
[2025-03-22 20:30:56] [DEBUG] Controllers/CommentController->getComments(6)
[2025-03-22 20:30:56] [DEBUG] Models/Comment::getComments(6): Processing comment id: 9
[2025-03-22 20:31:01] [DEBUG] Controllers/CommentController->getComments(1)
[2025-03-22 20:31:01] [DEBUG] Models/Comment::getComments(1): Processing comment id: 1
[2025-03-22 20:31:01] [DEBUG] Models/Comment::getComments(1): Processing comment id: 2
[2025-03-22 21:34:15] [DEBUG] Controllers/CommentController->getComments(2)
[2025-03-22 21:34:15] [DEBUG] Models/Comment::getComments(2): Processing comment id: 3
[2025-03-22 21:34:15] [DEBUG] Models/Comment::getComments(2): Processing comment id: 4
[2025-03-24 09:34:07] [DEBUG] Controllers/CommentController->getComments(3)
[2025-03-24 09:34:07] [DEBUG] Models/Comment::getComments(3): Processing comment id: 5
[2025-03-24 09:34:10] [DEBUG] Controllers/CommentController->createComments(3)
[2025-03-24 09:34:10] [DEBUG] Saving comment: post_id=3, profile_id=2
[2025-03-24 09:34:10] [DEBUG] New comment ID: 17
[2025-03-24 09:34:10] [DEBUG] CommentDTO [  id: 17,
		  profile: {ProfileDTO [
  id: 2,
  fullName: Mike Wazowski,
  profilePicture: mike.png,
  userId: 2,
  dateOfBirth: null
  email: null
]},
		  date: 24/03/2025,
		  content: kk
]
[2025-03-24 09:35:20] [DEBUG] Controllers/CommentController->getComments(4)
[2025-03-24 09:35:20] [DEBUG] Models/Comment::getComments(4): Processing comment id: 6
[2025-03-24 09:35:24] [DEBUG] Controllers/CommentController->createComments(4)
[2025-03-24 09:35:24] [DEBUG] Saving comment: post_id=4, profile_id=2
[2025-03-24 09:35:24] [DEBUG] New comment ID: 18
[2025-03-24 09:35:24] [DEBUG] CommentDTO [  id: 18,
		  profile: {ProfileDTO [
  id: 2,
  fullName: Mike Wazowski,
  profilePicture: mike.png,
  userId: 2,
  dateOfBirth: null
  email: null
]},
		  date: 24/03/2025,
		  content: ugly
]
[2025-03-28 21:33:18] [DEBUG] Controllers/CommentController->getComments(1)
[2025-03-28 21:33:18] [DEBUG] Models/Comment::getComments(1): Processing comment id: 1
[2025-03-28 21:33:18] [DEBUG] Models/Comment::getComments(1): Processing comment id: 2
