[2025-03-24 22:49:49] [DEBUG] Action: Send, profileId: 6, loggedInProfileId: 2
[2025-03-24 22:49:49] [DEBUG] Models/Friends->sendFriendRequest(6, 2)
[2025-03-24 22:49:49] [ERROR] Friend request already exists
[2025-03-24 23:01:17] [DEBUG] Action: Cancel, profileId: 6, loggedInProfileId: 2
[2025-03-24 23:01:17] [DEBUG] Models/Friends->cancelFriendRequest(6, 2)
[2025-03-24 23:02:01] [DEBUG] Action: Send, profileId: 6, loggedInProfileId: 2
[2025-03-24 23:02:01] [DEBUG] Models/Friends->sendFriendRequest(6, 2)
[2025-03-24 23:03:11] [DEBUG] Action: Cancel, profileId: 6, loggedInProfileId: 2
[2025-03-24 23:03:11] [DEBUG] Models/Friends->cancelFriendRequest(6, 2)
[2025-03-24 23:03:12] [DEBUG] Action: Send, profileId: 6, loggedInProfileId: 2
[2025-03-24 23:03:12] [DEBUG] Models/Friends->sendFriendRequest(6, 2)
[2025-03-24 23:03:13] [DEBUG] Action: Cancel, profileId: 6, loggedInProfileId: 2
[2025-03-24 23:03:13] [DEBUG] Models/Friends->cancelFriendRequest(6, 2)
[2025-03-24 23:03:16] [DEBUG] Action: Send, profileId: 6, loggedInProfileId: 2
[2025-03-24 23:03:16] [DEBUG] Models/Friends->sendFriendRequest(6, 2)
[2025-03-24 23:03:35] [DEBUG] Action: Deny, profileId: 2, loggedInProfileId: 6
[2025-03-24 23:03:35] [DEBUG] Models/Friends->denyFriendRequest(2, 6)
[2025-03-24 23:03:40] [DEBUG] Action: Send, profileId: 2, loggedInProfileId: 6
[2025-03-24 23:03:40] [DEBUG] Models/Friends->sendFriendRequest(2, 6)
[2025-03-24 23:03:40] [ERROR] Friend request already exists
[2025-03-24 23:03:41] [DEBUG] Action: Send, profileId: 2, loggedInProfileId: 6
[2025-03-24 23:03:41] [DEBUG] Models/Friends->sendFriendRequest(2, 6)
[2025-03-24 23:03:41] [ERROR] Friend request already exists
[2025-03-24 23:03:55] [DEBUG] Action: Send, profileId: 2, loggedInProfileId: 6
[2025-03-24 23:03:55] [DEBUG] Models/Friends->sendFriendRequest(2, 6)
[2025-03-24 23:03:55] [ERROR] Friend request already exists
[2025-03-24 23:07:42] [DEBUG] Action: Send, profileId: 2, loggedInProfileId: 6
[2025-03-24 23:07:42] [DEBUG] Models/Friends->sendFriendRequest(2, 6)
[2025-03-24 23:12:04] [DEBUG] Action: Send, profileId: 6, loggedInProfileId: 2
[2025-03-24 23:12:04] [DEBUG] Models/Friends->sendFriendRequest(6, 2)
[2025-03-24 23:12:35] [DEBUG] Action: Deny, profileId: 2, loggedInProfileId: 6
[2025-03-24 23:12:35] [DEBUG] Models/Friends->denyFriendRequest(2, 6)
[2025-03-24 23:12:36] [DEBUG] Action: Send, profileId: 2, loggedInProfileId: 6
[2025-03-24 23:12:36] [DEBUG] Models/Friends->sendFriendRequest(2, 6)
[2025-03-24 23:12:48] [DEBUG] Action: Accept, profileId: 6, loggedInProfileId: 2
[2025-03-24 23:12:48] [DEBUG] Models/Friends->acceptFriendRequest(6, 2)
[2025-03-24 23:12:59] [DEBUG] Action: Unfriend, profileId: 6, loggedInProfileId: 2
[2025-03-24 23:12:59] [DEBUG] Models/Friends->unfriend(6, 2)
[2025-03-24 23:13:01] [DEBUG] Action: Send, profileId: 6, loggedInProfileId: 2
[2025-03-24 23:13:01] [DEBUG] Models/Friends->sendFriendRequest(6, 2)
[2025-03-24 23:13:13] [DEBUG] Action: Accept, profileId: 2, loggedInProfileId: 6
[2025-03-24 23:13:13] [DEBUG] Models/Friends->acceptFriendRequest(2, 6)
[2025-03-24 23:13:22] [DEBUG] Models/Friends->getFriends(6)
[2025-03-24 23:14:36] [DEBUG] Models/Friends->getFriends(6)
[2025-03-24 23:14:42] [DEBUG] Models/Friends->getFriends(6)
[2025-03-24 23:14:45] [DEBUG] Action: Unfriend, profileId: 2, loggedInProfileId: 6
[2025-03-24 23:14:45] [DEBUG] Models/Friends->unfriend(2, 6)
[2025-03-24 23:14:48] [DEBUG] Models/Friends->getFriends(6)
[2025-03-26 19:40:45] [DEBUG] Action: Unfriend, profileId: 3, loggedInProfileId: 2
[2025-03-26 19:40:45] [DEBUG] Models/Friends->unfriend(3, 2)
[2025-03-26 19:40:49] [DEBUG] Action: Send, profileId: 3, loggedInProfileId: 2
[2025-03-26 19:40:49] [DEBUG] Models/Friends->sendFriendRequest(3, 2)
[2025-03-26 19:40:50] [DEBUG] Action: Cancel, profileId: 3, loggedInProfileId: 2
[2025-03-26 19:40:50] [DEBUG] Models/Friends->cancelFriendRequest(3, 2)
[2025-03-26 19:41:09] [DEBUG] Models/Friends->getFriends(2)
[2025-03-26 19:51:03] [DEBUG] Models/Friends->getFriends(2)
[2025-03-26 20:11:45] [DEBUG] Models/Friends->getFriends(2)
[2025-03-26 20:12:17] [DEBUG] Models/Friends->getFriends(2)
[2025-03-26 20:12:27] [DEBUG] Models/Friends->getFriends(2)
[2025-03-26 20:18:54] [DEBUG] Models/Friends->getFriends(2)
[2025-03-26 20:47:23] [DEBUG] Models/Friends->getFriends(2)
[2025-03-26 20:47:26] [DEBUG] Action: Unfriend, profileId: 1, loggedInProfileId: 2
[2025-03-26 20:47:26] [DEBUG] Models/Friends->unfriend(1, 2)
[2025-03-26 20:47:35] [DEBUG] Models/Friends->getFriends(2)
[2025-03-26 20:47:38] [DEBUG] Action: Unfriend, profileId: 5, loggedInProfileId: 2
[2025-03-26 20:47:38] [DEBUG] Models/Friends->unfriend(5, 2)
[2025-03-26 20:47:39] [DEBUG] Action: Unfriend, profileId: 4, loggedInProfileId: 2
[2025-03-26 20:47:39] [DEBUG] Models/Friends->unfriend(4, 2)
[2025-03-26 20:49:25] [DEBUG] Action: Send, profileId: 3, loggedInProfileId: 2
[2025-03-26 20:49:25] [DEBUG] Models/Friends->sendFriendRequest(3, 2)
[2025-03-26 20:49:29] [DEBUG] Action: Send, profileId: 1, loggedInProfileId: 2
[2025-03-26 20:49:29] [DEBUG] Models/Friends->sendFriendRequest(1, 2)
[2025-03-26 20:49:43] [DEBUG] Action: Accept, profileId: 2, loggedInProfileId: 1
[2025-03-26 20:49:43] [DEBUG] Models/Friends->acceptFriendRequest(2, 1)
[2025-03-26 20:49:47] [DEBUG] Models/Friends->getFriends(1)
[2025-03-26 20:49:58] [DEBUG] Models/Friends->getFriends(2)
[2025-03-26 21:05:45] [DEBUG] Models/Friends->getFriends(2)
[2025-03-26 21:05:46] [DEBUG] Action: Unfriend, profileId: 1, loggedInProfileId: 2
[2025-03-26 21:05:46] [DEBUG] Models/Friends->unfriend(1, 2)
[2025-03-26 21:07:28] [DEBUG] Action: Send, profileId: 1, loggedInProfileId: 2
[2025-03-26 21:07:28] [DEBUG] Models/Friends->sendFriendRequest(1, 2)
[2025-03-26 21:07:31] [DEBUG] Models/Friends->getFriends(2)
[2025-03-26 21:07:31] [DEBUG] Models/Friends->getFriends(2): Friends not found
[2025-03-26 21:08:01] [DEBUG] Action: Accept, profileId: 2, loggedInProfileId: 1
[2025-03-26 21:08:01] [DEBUG] Models/Friends->acceptFriendRequest(2, 1)
[2025-03-26 21:08:03] [DEBUG] Models/Friends->getFriends(1)
[2025-03-26 21:12:16] [DEBUG] Models/Friends->getFriends(1)
[2025-03-26 21:28:14] [DEBUG] Models/Friends->getFriends(1)
[2025-03-26 22:02:30] [DEBUG] Models/Friends->getFriends(1)
[2025-03-26 23:04:05] [DEBUG] Models/Friends->getFriends(1)
[2025-03-26 23:06:22] [DEBUG] Models/Friends->getFriends(1)
[2025-03-26 23:10:09] [DEBUG] Models/Friends->getFriends(2)
[2025-03-26 23:10:46] [DEBUG] Models/Friends->getFriends(2)
[2025-03-26 23:11:46] [DEBUG] Models/Friends->getFriends(2)
[2025-03-27 19:37:37] [DEBUG] Models/Friends->getFriends(2)
[2025-03-27 19:37:43] [DEBUG] Models/Friends->getFriends(2)
[2025-03-27 19:56:48] [DEBUG] Models/Friends->getFriends(2)
[2025-03-27 19:59:35] [DEBUG] Models/Friends->getFriends(2)
[2025-03-27 22:23:27] [DEBUG] Models/Friends->getFriends(2)
[2025-03-27 23:08:12] [DEBUG] Models/Friends->getFriends(2)
[2025-03-27 23:08:15] [DEBUG] Models/Friends->getFriends(2)
[2025-03-27 23:08:17] [DEBUG] Models/Friends->getFriends(2)
[2025-03-27 23:08:20] [DEBUG] Models/Friends->getFriends(2)
[2025-03-27 23:08:28] [DEBUG] Models/Friends->getFriends(2)
[2025-03-27 23:08:32] [DEBUG] Models/Friends->getFriends(2)
[2025-03-27 23:08:51] [DEBUG] Models/Friends->getFriends(2)
[2025-03-27 23:09:26] [DEBUG] Models/Friends->getFriends(2)
[2025-03-27 23:13:34] [DEBUG] Models/Friends->getFriends(2)
[2025-03-28 20:42:50] [DEBUG] Action: Unfriend, profileId: 4, loggedInProfileId: 2
[2025-03-28 20:42:50] [DEBUG] Models/Friends->unfriend(4, 2)
[2025-03-28 20:42:51] [DEBUG] Action: Send, profileId: 4, loggedInProfileId: 2
[2025-03-28 20:42:51] [DEBUG] Models/Friends->sendFriendRequest(4, 2)
[2025-03-28 20:42:57] [DEBUG] Models/Friends->getFriends(2)
[2025-03-28 20:43:59] [DEBUG] Action: Cancel, profileId: 4, loggedInProfileId: 2
[2025-03-28 20:43:59] [DEBUG] Models/Friends->cancelFriendRequest(4, 2)
[2025-03-28 20:44:01] [DEBUG] Action: Send, profileId: 4, loggedInProfileId: 2
[2025-03-28 20:44:01] [DEBUG] Models/Friends->sendFriendRequest(4, 2)
[2025-03-28 21:08:06] [DEBUG] Action: Unfriend, profileId: 5, loggedInProfileId: 2
[2025-03-28 21:08:06] [DEBUG] Models/Friends->unfriend(5, 2)
[2025-03-28 21:09:11] [DEBUG] Action: Send, profileId: 5, loggedInProfileId: 2
[2025-03-28 21:09:11] [DEBUG] Models/Friends->sendFriendRequest(5, 2)
[2025-03-28 21:16:53] [DEBUG] Action: Unfriend, profileId: 3, loggedInProfileId: 2
[2025-03-28 21:16:53] [DEBUG] Models/Friends->unfriend(3, 2)
[2025-03-28 21:16:54] [DEBUG] Action: Send, profileId: 3, loggedInProfileId: 2
[2025-03-28 21:16:54] [DEBUG] Models/Friends->sendFriendRequest(3, 2)
[2025-03-28 21:17:20] [DEBUG] Action: Accept, profileId: 2, loggedInProfileId: 3
[2025-03-28 21:17:20] [DEBUG] Models/Friends->acceptFriendRequest(2, 3)
[2025-03-28 21:23:42] [DEBUG] Models/Friends->getFriends(3)
[2025-03-28 21:24:06] [DEBUG] Models/Friends->isFriend(6, 3)
[2025-03-28 21:26:42] [DEBUG] Models/Friends->isFriend(6, 3)
[2025-03-28 21:29:41] [DEBUG] Models/Friends->isFriend(6, 3)
[2025-03-28 21:30:35] [DEBUG] Models/Friends->isFriend(6, 3)
[2025-03-28 21:31:40] [DEBUG] Models/Friends->isFriend(6, 3)
[2025-03-28 21:32:08] [DEBUG] Action: Unfriend, profileId: 2, loggedInProfileId: 3
[2025-03-28 21:32:08] [DEBUG] Models/Friends->unfriend(2, 3)
[2025-03-28 21:32:09] [DEBUG] Action: Send, profileId: 2, loggedInProfileId: 3
[2025-03-28 21:32:09] [DEBUG] Models/Friends->sendFriendRequest(2, 3)
[2025-03-28 21:32:41] [DEBUG] Action: Unfriend, profileId: 3, loggedInProfileId: 2
[2025-03-28 21:32:41] [DEBUG] Models/Friends->unfriend(3, 2)
[2025-03-28 21:32:53] [DEBUG] Action: Send, profileId: 3, loggedInProfileId: 2
[2025-03-28 21:32:53] [DEBUG] Models/Friends->sendFriendRequest(3, 2)
[2025-03-28 21:33:09] [DEBUG] Action: Accept, profileId: 2, loggedInProfileId: 3
[2025-03-28 21:33:09] [DEBUG] Models/Friends->acceptFriendRequest(2, 3)
[2025-03-28 21:33:22] [DEBUG] Models/Friends->getFriends(3)
[2025-03-28 21:33:25] [DEBUG] Models/Friends->isFriend(4, 3)
[2025-03-28 21:33:28] [DEBUG] Models/Friends->getFriends(3)
[2025-03-28 21:33:32] [DEBUG] Models/Friends->getFriends(3)
[2025-03-28 21:33:35] [DEBUG] Models/Friends->getFriends(3)
[2025-03-28 21:33:36] [DEBUG] Models/Friends->isFriend(1, 3)
[2025-03-28 21:33:37] [DEBUG] Models/Friends->getFriends(3)
[2025-03-28 21:34:00] [DEBUG] Action: Unfriend, profileId: 4, loggedInProfileId: 3
[2025-03-28 21:34:00] [DEBUG] Models/Friends->unfriend(4, 3)
[2025-03-28 21:34:11] [DEBUG] Action: Send, profileId: 4, loggedInProfileId: 3
[2025-03-28 21:34:11] [DEBUG] Models/Friends->sendFriendRequest(4, 3)
[2025-03-28 21:34:14] [DEBUG] Action: Cancel, profileId: 4, loggedInProfileId: 3
[2025-03-28 21:34:14] [DEBUG] Models/Friends->cancelFriendRequest(4, 3)
[2025-03-28 21:51:24] [DEBUG] Models/Friends->getFriends(3)
[2025-03-28 21:52:42] [DEBUG] Models/Friends->getFriends(3)
[2025-03-29 17:24:25] [DEBUG] Action: Unfriend, profileId: 5, loggedInProfileId: 2
[2025-03-29 17:24:25] [DEBUG] Models/Friends->unfriend(5, 2)
[2025-03-29 17:24:26] [DEBUG] Action: Send, profileId: 5, loggedInProfileId: 2
[2025-03-29 17:24:26] [DEBUG] Models/Friends->sendFriendRequest(5, 2)
[2025-03-29 18:11:58] [DEBUG] Action: Cancel, profileId: 5, loggedInProfileId: 2
[2025-03-29 18:11:58] [DEBUG] Models/Friends->cancelFriendRequest(5, 2)
[2025-03-29 18:12:03] [DEBUG] Action: Send, profileId: 5, loggedInProfileId: 2
[2025-03-29 18:12:03] [DEBUG] Models/Friends->sendFriendRequest(5, 2)
[2025-03-29 18:17:30] [DEBUG] Models/Friends->getFriends(2)
[2025-03-29 18:19:11] [DEBUG] Models/Friends->getFriends(2)
[2025-03-29 18:19:23] [DEBUG] Action: Unfriend, profileId: 4, loggedInProfileId: 2
[2025-03-29 18:19:23] [DEBUG] Models/Friends->unfriend(4, 2)
[2025-03-29 18:19:26] [DEBUG] Action: Send, profileId: 4, loggedInProfileId: 2
[2025-03-29 18:19:26] [DEBUG] Models/Friends->sendFriendRequest(4, 2)
[2025-03-29 19:22:50] [DEBUG] Action: Cancel, profileId: 4, loggedInProfileId: 2
[2025-03-29 19:22:50] [DEBUG] Models/Friends->cancelFriendRequest(4, 2)
[2025-03-29 19:22:58] [DEBUG] Action: Send, profileId: 4, loggedInProfileId: 2
[2025-03-29 19:22:58] [DEBUG] Models/Friends->sendFriendRequest(4, 2)
[2025-03-29 19:23:05] [DEBUG] Action: Cancel, profileId: 4, loggedInProfileId: 2
[2025-03-29 19:23:05] [DEBUG] Models/Friends->cancelFriendRequest(4, 2)
[2025-03-29 19:23:12] [DEBUG] Action: Send, profileId: 4, loggedInProfileId: 2
[2025-03-29 19:23:12] [DEBUG] Models/Friends->sendFriendRequest(4, 2)
[2025-03-29 19:23:12] [DEBUG] Action: Cancel, profileId: 4, loggedInProfileId: 2
[2025-03-29 19:23:12] [DEBUG] Models/Friends->cancelFriendRequest(4, 2)
[2025-03-29 19:23:13] [DEBUG] Action: Send, profileId: 4, loggedInProfileId: 2
[2025-03-29 19:23:13] [DEBUG] Models/Friends->sendFriendRequest(4, 2)
[2025-03-29 19:23:14] [DEBUG] Action: Cancel, profileId: 4, loggedInProfileId: 2
[2025-03-29 19:23:14] [DEBUG] Models/Friends->cancelFriendRequest(4, 2)
[2025-03-29 19:23:14] [DEBUG] Action: Send, profileId: 4, loggedInProfileId: 2
[2025-03-29 19:23:14] [DEBUG] Models/Friends->sendFriendRequest(4, 2)
[2025-03-29 19:23:15] [DEBUG] Action: Cancel, profileId: 4, loggedInProfileId: 2
[2025-03-29 19:23:15] [DEBUG] Models/Friends->cancelFriendRequest(4, 2)
[2025-03-29 19:23:15] [DEBUG] Action: Send, profileId: 4, loggedInProfileId: 2
[2025-03-29 19:23:15] [DEBUG] Models/Friends->sendFriendRequest(4, 2)
[2025-03-29 19:23:16] [DEBUG] Action: Cancel, profileId: 4, loggedInProfileId: 2
[2025-03-29 19:23:16] [DEBUG] Models/Friends->cancelFriendRequest(4, 2)
[2025-03-29 19:23:16] [DEBUG] Action: Send, profileId: 4, loggedInProfileId: 2
[2025-03-29 19:23:16] [DEBUG] Models/Friends->sendFriendRequest(4, 2)
[2025-03-29 19:23:18] [DEBUG] Action: Cancel, profileId: 4, loggedInProfileId: 2
[2025-03-29 19:23:18] [DEBUG] Models/Friends->cancelFriendRequest(4, 2)
[2025-03-29 19:24:15] [DEBUG] Action: Send, profileId: 4, loggedInProfileId: 2
[2025-03-29 19:24:15] [DEBUG] Models/Friends->sendFriendRequest(4, 2)
[2025-03-29 19:24:16] [DEBUG] Action: Cancel, profileId: 4, loggedInProfileId: 2
[2025-03-29 19:24:16] [DEBUG] Models/Friends->cancelFriendRequest(4, 2)
[2025-03-29 19:34:46] [DEBUG] Models/Friends->getFriends(2)
[2025-03-29 19:35:24] [DEBUG] Models/Friends->getFriends(2)
[2025-03-29 19:35:53] [DEBUG] Models/Friends->getFriends(2)
[2025-03-29 19:38:14] [DEBUG] Models/Friends->getFriends(2)
[2025-03-29 19:43:16] [DEBUG] Action: Unfriend, profileId: 1, loggedInProfileId: 2
[2025-03-29 19:43:16] [DEBUG] Models/Friends->unfriend(1, 2)
[2025-03-29 19:43:17] [DEBUG] Action: Send, profileId: 1, loggedInProfileId: 2
[2025-03-29 19:43:17] [DEBUG] Models/Friends->sendFriendRequest(1, 2)
[2025-03-29 19:43:34] [DEBUG] Action: Cancel, profileId: 1, loggedInProfileId: 2
[2025-03-29 19:43:34] [DEBUG] Models/Friends->cancelFriendRequest(1, 2)
[2025-03-29 20:19:14] [DEBUG] Models/Friends->isFriend(2, 1)
[2025-03-29 20:19:32] [DEBUG] Action: Send, profileId: 1, loggedInProfileId: 2
[2025-03-29 20:19:32] [DEBUG] Models/Friends->sendFriendRequest(1, 2)
[2025-03-29 20:19:37] [DEBUG] Action: Cancel, profileId: 1, loggedInProfileId: 2
[2025-03-29 20:19:37] [DEBUG] Models/Friends->cancelFriendRequest(1, 2)
[2025-03-29 20:19:38] [DEBUG] Action: Send, profileId: 1, loggedInProfileId: 2
[2025-03-29 20:19:38] [DEBUG] Models/Friends->sendFriendRequest(1, 2)
[2025-03-29 20:21:57] [DEBUG] Models/Friends->isFriend(2, 1)
[2025-03-29 20:22:45] [DEBUG] Models/Friends->isFriend(2, 1)
[2025-03-29 20:25:49] [DEBUG] Models/Friends->isFriend(2, 1)
[2025-03-29 20:25:58] [DEBUG] Action: Send, profileId: 1, loggedInProfileId: 2
[2025-03-29 20:25:58] [DEBUG] Models/Friends->sendFriendRequest(1, 2)
[2025-03-29 20:26:00] [DEBUG] Models/Friends->isFriend(2, 1)
[2025-03-29 21:29:58] [DEBUG] Action: Send, profileId: 1, loggedInProfileId: 2
[2025-03-29 21:29:58] [DEBUG] Models/Friends->sendFriendRequest(1, 2)
[2025-03-29 21:30:00] [DEBUG] Models/Friends->isFriend(2, 1)
[2025-03-29 21:30:15] [DEBUG] Action: Send, profileId: 1, loggedInProfileId: 2
[2025-03-29 21:30:15] [DEBUG] Models/Friends->sendFriendRequest(1, 2)
[2025-03-29 21:30:18] [DEBUG] Models/Friends->isFriend(2, 1)
[2025-03-29 21:34:25] [DEBUG] Action: Send, profileId: 1, loggedInProfileId: 2
[2025-03-29 21:34:25] [DEBUG] Models/Friends->sendFriendRequest(1, 2)
[2025-03-29 21:34:45] [DEBUG] Models/Friends->isFriend(2, 1)
[2025-03-29 21:34:56] [DEBUG] Models/Friends->isFriend(2, 1)
[2025-03-29 21:34:57] [DEBUG] Action: Send, profileId: 1, loggedInProfileId: 2
[2025-03-29 21:34:57] [DEBUG] Models/Friends->sendFriendRequest(1, 2)
[2025-03-29 21:34:58] [DEBUG] Models/Friends->isFriend(2, 1)
[2025-03-29 21:48:49] [DEBUG] Action: Send, profileId: 2, loggedInProfileId: 1
[2025-03-29 21:48:49] [DEBUG] Models/BlockedProfile->isProfileBlocked(2, 1): Checking if profile is blocked
[2025-03-29 21:48:49] [DEBUG] Models/BlockedProfile->isProfileBlocked(2, 1): Result: blocked
[2025-03-29 21:49:23] [DEBUG] Action: Send, profileId: 2, loggedInProfileId: 1
[2025-03-29 21:49:23] [DEBUG] Models/BlockedProfile->isProfileBlocked(2, 1): Checking if profile is blocked
[2025-03-29 21:49:23] [DEBUG] Models/BlockedProfile->isProfileBlocked(2, 1): Result: blocked
[2025-03-29 21:51:17] [DEBUG] Action: Send, profileId: 2, loggedInProfileId: 1
[2025-03-29 21:51:17] [DEBUG] Models/BlockedProfile->isProfileBlocked(2, 1): Checking if profile is blocked
[2025-03-29 21:51:17] [DEBUG] Models/BlockedProfile->isProfileBlocked(2, 1): Result: blocked
[2025-03-29 21:51:58] [DEBUG] Action: Send, profileId: 2, loggedInProfileId: 1
[2025-03-29 21:51:58] [DEBUG] Models/BlockedProfile->isProfileBlocked(2, 1): Checking if profile is blocked
[2025-03-29 21:51:58] [DEBUG] Models/BlockedProfile->isProfileBlocked(2, 1): Result: blocked
[2025-03-29 23:40:54] [DEBUG] Models/Friends->isFriend(1, 3)
[2025-03-29 23:40:55] [DEBUG] Action: Send, profileId: 3, loggedInProfileId: 1
[2025-03-29 23:40:55] [DEBUG] Models/BlockedProfile->isProfileBlocked(3, 1): Checking if profile is blocked
[2025-03-29 23:40:55] [DEBUG] Models/BlockedProfile->isProfileBlocked(3, 1): Result: not blocked
[2025-03-29 23:40:55] [DEBUG] Models/Friends->sendFriendRequest(3, 1)
[2025-03-29 23:41:58] [DEBUG] Models/Friends->isFriend(6, 1)
[2025-03-29 23:43:07] [DEBUG] Models/Friends->getFriends(1)
[2025-03-29 23:52:07] [DEBUG] Action: Accept, profileId: 1, loggedInProfileId: 3
[2025-03-29 23:52:07] [DEBUG] Models/BlockedProfile->isProfileBlocked(1, 3): Checking if profile is blocked
[2025-03-29 23:52:07] [DEBUG] Models/BlockedProfile->isProfileBlocked(1, 3): Result: not blocked
[2025-03-29 23:52:07] [DEBUG] Models/Friends->acceptFriendRequest(1, 3)
