[2025-03-22 16:19:22] [ERROR] Controllers/ImageController->getImage(celia_and_mike_project.png): image not found at /Applications/XAMPP/xamppfiles/htdocs/socialMedia/media/celia_and_mike_project.png
[2025-03-22 16:19:22] [ERROR] Controllers/ImageController->getImage(boo_first_day_school.png): image not found at /Applications/XAMPP/xamppfiles/htdocs/socialMedia/media/boo_first_day_school.png
[2025-03-22 16:27:54] [ERROR] Controllers/ImageController->getImage(celia_and_mike_project.png): image not found at /Applications/XAMPP/xamppfiles/htdocs/socialMedia/media/celia_and_mike_project.png
[2025-03-22 16:27:54] [ERROR] Controllers/ImageController->getImage(boo_first_day_school.png): image not found at /Applications/XAMPP/xamppfiles/htdocs/socialMedia/media/boo_first_day_school.png
[2025-03-22 16:33:43] [ERROR] Controllers/ImageController->getImage(boo_first_day_school.png): image not found at /Applications/XAMPP/xamppfiles/htdocs/socialMedia/media/boo_first_day_school.png
[2025-03-22 16:33:43] [ERROR] Controllers/ImageController->getImage(celia_and_mike_project.png): image not found at /Applications/XAMPP/xamppfiles/htdocs/socialMedia/media/celia_and_mike_project.png
[2025-03-22 16:35:17] [ERROR] Controllers/ImageController->getImage(boo_first_day_school.png): image not found at /Applications/XAMPP/xamppfiles/htdocs/socialMedia/media/boo_first_day_school.png
[2025-03-22 16:35:17] [ERROR] Controllers/ImageController->getImage(celia_and_mike_project.png): image not found at /Applications/XAMPP/xamppfiles/htdocs/socialMedia/media/celia_and_mike_project.png
[2025-03-22 16:37:52] [ERROR] Controllers/ImageController->getImage(boo_first_day_school.png): image not found at /Applications/XAMPP/xamppfiles/htdocs/socialMedia/media/boo_first_day_school.png
[2025-03-22 16:37:52] [ERROR] Controllers/ImageController->getImage(celia_and_mike_project.png): image not found at /Applications/XAMPP/xamppfiles/htdocs/socialMedia/media/celia_and_mike_project.png
[2025-03-22 16:38:58] [ERROR] Controllers/ImageController->getImage(boo_first_day_school.png): image not found at /Applications/XAMPP/xamppfiles/htdocs/socialMedia/media/boo_first_day_school.png
[2025-03-22 16:38:58] [ERROR] Controllers/ImageController->getImage(celia_and_mike_project.png): image not found at /Applications/XAMPP/xamppfiles/htdocs/socialMedia/media/celia_and_mike_project.png
[2025-03-22 16:39:01] [ERROR] Controllers/ImageController->getImage(boo_first_day_school.png): image not found at /Applications/XAMPP/xamppfiles/htdocs/socialMedia/media/boo_first_day_school.png
[2025-03-22 16:39:01] [ERROR] Controllers/ImageController->getImage(celia_and_mike_project.png): image not found at /Applications/XAMPP/xamppfiles/htdocs/socialMedia/media/celia_and_mike_project.png
[2025-03-22 16:40:31] [ERROR] Controllers/ImageController->getImage(boo_first_day_school.png): image not found at /Applications/XAMPP/xamppfiles/htdocs/socialMedia/media/boo_first_day_school.png
[2025-03-22 16:40:31] [ERROR] Controllers/ImageController->getImage(celia_and_mike_project.png): image not found at /Applications/XAMPP/xamppfiles/htdocs/socialMedia/media/celia_and_mike_project.png
[2025-03-22 16:49:03] [ERROR] Controllers/ImageController->getImage(celia_and_mike_project.png): image not found at /Applications/XAMPP/xamppfiles/htdocs/socialMedia/media/celia_and_mike_project.png
[2025-03-22 16:49:03] [ERROR] Controllers/ImageController->getImage(boo_first_day_school.png): image not found at /Applications/XAMPP/xamppfiles/htdocs/socialMedia/media/boo_first_day_school.png
[2025-03-22 16:55:04] [ERROR] Controllers/ImageController->getImage(boo_first_day_school.png): image not found at /Applications/XAMPP/xamppfiles/htdocs/socialMedia/media/boo_first_day_school.png
[2025-03-22 16:55:04] [ERROR] Controllers/ImageController->getImage(celia_and_mike_project.png): image not found at /Applications/XAMPP/xamppfiles/htdocs/socialMedia/media/celia_and_mike_project.png
[2025-03-22 16:55:36] [ERROR] Controllers/ImageController->getImage(boo_first_day_school.png): image not found at /Applications/XAMPP/xamppfiles/htdocs/socialMedia/media/boo_first_day_school.png
[2025-03-22 16:55:36] [ERROR] Controllers/ImageController->getImage(celia_and_mike_project.png): image not found at /Applications/XAMPP/xamppfiles/htdocs/socialMedia/media/celia_and_mike_project.png
[2025-03-22 16:58:21] [ERROR] Controllers/ImageController->getImage(boo_first_day_school.png): image not found at /Applications/XAMPP/xamppfiles/htdocs/socialMedia/media/boo_first_day_school.png
[2025-03-22 16:58:21] [ERROR] Controllers/ImageController->getImage(celia_and_mike_project.png): image not found at /Applications/XAMPP/xamppfiles/htdocs/socialMedia/media/celia_and_mike_project.png
[2025-03-22 16:58:34] [ERROR] Controllers/ImageController->getImage(boo_first_day_school.png): image not found at /Applications/XAMPP/xamppfiles/htdocs/socialMedia/media/boo_first_day_school.png
[2025-03-22 16:58:34] [ERROR] Controllers/ImageController->getImage(celia_and_mike_project.png): image not found at /Applications/XAMPP/xamppfiles/htdocs/socialMedia/media/celia_and_mike_project.png
[2025-03-22 17:12:10] [ERROR] Controllers/ImageController->getImage(boo_first_day_school.png): image not found at /Applications/XAMPP/xamppfiles/htdocs/socialMedia/media/boo_first_day_school.png
[2025-03-22 17:12:10] [ERROR] Controllers/ImageController->getImage(celia_and_mike_project.png): image not found at /Applications/XAMPP/xamppfiles/htdocs/socialMedia/media/celia_and_mike_project.png
[2025-03-22 17:13:16] [ERROR] Controllers/ImageController->getImage(boo_first_day_school.png): image not found at /Applications/XAMPP/xamppfiles/htdocs/socialMedia/media/boo_first_day_school.png
[2025-03-22 17:13:16] [ERROR] Controllers/ImageController->getImage(celia_and_mike_project.png): image not found at /Applications/XAMPP/xamppfiles/htdocs/socialMedia/media/celia_and_mike_project.png
[2025-03-22 17:13:24] [ERROR] Controllers/ImageController->getImage(boo_first_day_school.png): image not found at /Applications/XAMPP/xamppfiles/htdocs/socialMedia/media/boo_first_day_school.png
[2025-03-22 17:13:24] [ERROR] Controllers/ImageController->getImage(celia_and_mike_project.png): image not found at /Applications/XAMPP/xamppfiles/htdocs/socialMedia/media/celia_and_mike_project.png
[2025-03-22 17:30:05] [ERROR] Controllers/ImageController->getImage(celia_and_mike_project.png): image not found at /Applications/XAMPP/xamppfiles/htdocs/socialMedia/media/celia_and_mike_project.png
[2025-03-22 17:30:29] [ERROR] Controllers/ImageController->getImage(celia_and_mike_project.png): image not found at /Applications/XAMPP/xamppfiles/htdocs/socialMedia/media/celia_and_mike_project.png
[2025-03-22 17:30:36] [ERROR] Controllers/ImageController->getImage(celia_and_mike_project.png): image not found at /Applications/XAMPP/xamppfiles/htdocs/socialMedia/media/celia_and_mike_project.png
[2025-03-22 17:31:06] [ERROR] Controllers/ImageController->getImage(celia_and_mike_project.png): image not found at /Applications/XAMPP/xamppfiles/htdocs/socialMedia/media/celia_and_mike_project.png
[2025-03-22 17:31:13] [ERROR] Controllers/ImageController->getImage(celia_and_mike_project.png): image not found at /Applications/XAMPP/xamppfiles/htdocs/socialMedia/media/celia_and_mike_project.png
[2025-03-22 17:31:20] [ERROR] Controllers/ImageController->getImage(boo_first_day_school.png): image not found at /Applications/XAMPP/xamppfiles/htdocs/socialMedia/media/boo_first_day_school.png
[2025-03-22 17:31:20] [ERROR] Controllers/ImageController->getImage(celia_and_mike_project.png): image not found at /Applications/XAMPP/xamppfiles/htdocs/socialMedia/media/celia_and_mike_project.png
[2025-03-22 17:31:53] [ERROR] Controllers/ImageController->getImage(celia_and_mike_project.png): image not found at /Applications/XAMPP/xamppfiles/htdocs/socialMedia/media/celia_and_mike_project.png
[2025-03-22 17:33:05] [ERROR] Controllers/ImageController->getImage(celia_and_mike_project.png): image not found at /Applications/XAMPP/xamppfiles/htdocs/socialMedia/media/celia_and_mike_project.png
[2025-03-22 17:33:21] [ERROR] Controllers/ImageController->getImage(celia_and_mike_project.png): image not found at /Applications/XAMPP/xamppfiles/htdocs/socialMedia/media/celia_and_mike_project.png
[2025-03-22 17:34:10] [ERROR] Controllers/ImageController->getImage(celia_and_mike_project.png): image not found at /Applications/XAMPP/xamppfiles/htdocs/socialMedia/media/celia_and_mike_project.png
[2025-03-22 17:34:16] [ERROR] Controllers/ImageController->getImage(celia_and_mike_project.png): image not found at /Applications/XAMPP/xamppfiles/htdocs/socialMedia/media/celia_and_mike_project.png
[2025-03-22 17:34:52] [ERROR] Controllers/ImageController->getImage(celia_and_mike_project.png): image not found at /Applications/XAMPP/xamppfiles/htdocs/socialMedia/media/celia_and_mike_project.png
[2025-03-22 17:35:19] [ERROR] Controllers/ImageController->getImage(celia_and_mike_project.png): image not found at /Applications/XAMPP/xamppfiles/htdocs/socialMedia/media/celia_and_mike_project.png
[2025-03-22 17:35:20] [ERROR] Controllers/ImageController->getImage(celia_and_mike_project.png): image not found at /Applications/XAMPP/xamppfiles/htdocs/socialMedia/media/celia_and_mike_project.png
[2025-03-22 17:35:23] [ERROR] Controllers/ImageController->getImage(celia_and_mike_project.png): image not found at /Applications/XAMPP/xamppfiles/htdocs/socialMedia/media/celia_and_mike_project.png
[2025-03-22 17:36:47] [ERROR] Controllers/ImageController->getImage(celia_and_mike_project.png): image not found at /Applications/XAMPP/xamppfiles/htdocs/socialMedia/media/celia_and_mike_project.png
[2025-03-22 17:37:32] [ERROR] Controllers/ImageController->getImage(celia_and_mike_project.png): image not found at /Applications/XAMPP/xamppfiles/htdocs/socialMedia/media/celia_and_mike_project.png
[2025-03-22 17:38:51] [ERROR] Controllers/ImageController->getImage(boo_first_day_school.png): image not found at /Applications/XAMPP/xamppfiles/htdocs/socialMedia/media/boo_first_day_school.png
[2025-03-22 17:38:51] [ERROR] Controllers/ImageController->getImage(celia_and_mike_project.png): image not found at /Applications/XAMPP/xamppfiles/htdocs/socialMedia/media/celia_and_mike_project.png
[2025-03-22 17:39:03] [ERROR] Controllers/ImageController->getImage(boo_first_day_school.png): image not found at /Applications/XAMPP/xamppfiles/htdocs/socialMedia/media/boo_first_day_school.png
[2025-03-22 17:39:03] [ERROR] Controllers/ImageController->getImage(celia_and_mike_project.png): image not found at /Applications/XAMPP/xamppfiles/htdocs/socialMedia/media/celia_and_mike_project.png
[2025-03-22 19:31:12] [ERROR] Controllers/ImageController->getImage(boo_first_day_school.png): image not found at /Applications/XAMPP/xamppfiles/htdocs/socialMedia/media/boo_first_day_school.png
[2025-03-22 19:31:12] [ERROR] Controllers/ImageController->getImage(celia_and_mike_project.png): image not found at /Applications/XAMPP/xamppfiles/htdocs/socialMedia/media/celia_and_mike_project.png
[2025-03-22 19:31:59] [ERROR] Controllers/ImageController->getImage(boo_first_day_school.png): image not found at /Applications/XAMPP/xamppfiles/htdocs/socialMedia/media/boo_first_day_school.png
[2025-03-22 19:31:59] [ERROR] Controllers/ImageController->getImage(celia_and_mike_project.png): image not found at /Applications/XAMPP/xamppfiles/htdocs/socialMedia/media/celia_and_mike_project.png
[2025-03-22 19:34:29] [ERROR] Controllers/ImageController->getImage(boo_first_day_school.png): image not found at /Applications/XAMPP/xamppfiles/htdocs/socialMedia/media/boo_first_day_school.png
[2025-03-22 19:34:29] [ERROR] Controllers/ImageController->getImage(celia_and_mike_project.png): image not found at /Applications/XAMPP/xamppfiles/htdocs/socialMedia/media/celia_and_mike_project.png
[2025-03-22 19:35:16] [ERROR] Controllers/ImageController->getImage(boo_first_day_school.png): image not found at /Applications/XAMPP/xamppfiles/htdocs/socialMedia/media/boo_first_day_school.png
[2025-03-22 19:35:16] [ERROR] Controllers/ImageController->getImage(celia_and_mike_project.png): image not found at /Applications/XAMPP/xamppfiles/htdocs/socialMedia/media/celia_and_mike_project.png
[2025-03-22 19:35:34] [ERROR] Controllers/ImageController->getImage(boo_first_day_school.png): image not found at /Applications/XAMPP/xamppfiles/htdocs/socialMedia/media/boo_first_day_school.png
[2025-03-22 19:35:34] [ERROR] Controllers/ImageController->getImage(celia_and_mike_project.png): image not found at /Applications/XAMPP/xamppfiles/htdocs/socialMedia/media/celia_and_mike_project.png
[2025-03-22 19:36:48] [ERROR] Controllers/ImageController->getImage(boo_first_day_school.png): image not found at /Applications/XAMPP/xamppfiles/htdocs/socialMedia/media/boo_first_day_school.png
[2025-03-22 19:36:48] [ERROR] Controllers/ImageController->getImage(celia_and_mike_project.png): image not found at /Applications/XAMPP/xamppfiles/htdocs/socialMedia/media/celia_and_mike_project.png
[2025-03-22 19:38:04] [ERROR] Controllers/ImageController->getImage(boo_first_day_school.png): image not found at /Applications/XAMPP/xamppfiles/htdocs/socialMedia/media/boo_first_day_school.png
[2025-03-22 19:38:04] [ERROR] Controllers/ImageController->getImage(celia_and_mike_project.png): image not found at /Applications/XAMPP/xamppfiles/htdocs/socialMedia/media/celia_and_mike_project.png
[2025-03-22 19:41:28] [ERROR] Controllers/ImageController->getImage(boo_first_day_school.png): image not found at /Applications/XAMPP/xamppfiles/htdocs/socialMedia/media/boo_first_day_school.png
[2025-03-22 19:41:28] [ERROR] Controllers/ImageController->getImage(celia_and_mike_project.png): image not found at /Applications/XAMPP/xamppfiles/htdocs/socialMedia/media/celia_and_mike_project.png
[2025-03-22 19:41:32] [ERROR] Controllers/ImageController->getImage(boo_first_day_school.png): image not found at /Applications/XAMPP/xamppfiles/htdocs/socialMedia/media/boo_first_day_school.png
[2025-03-22 19:41:32] [ERROR] Controllers/ImageController->getImage(celia_and_mike_project.png): image not found at /Applications/XAMPP/xamppfiles/htdocs/socialMedia/media/celia_and_mike_project.png
[2025-03-22 20:05:29] [ERROR] Controllers/ImageController->getImage(boo_first_day_school.png): image not found at /Applications/XAMPP/xamppfiles/htdocs/socialMedia/media/boo_first_day_school.png
[2025-03-22 20:05:29] [ERROR] Controllers/ImageController->getImage(celia_and_mike_project.png): image not found at /Applications/XAMPP/xamppfiles/htdocs/socialMedia/media/celia_and_mike_project.png
[2025-03-22 20:21:38] [ERROR] Controllers/ImageController->getImage(boo_first_day_school.png): image not found at /Applications/XAMPP/xamppfiles/htdocs/socialMedia/media/boo_first_day_school.png
[2025-03-22 20:21:38] [ERROR] Controllers/ImageController->getImage(celia_and_mike_project.png): image not found at /Applications/XAMPP/xamppfiles/htdocs/socialMedia/media/celia_and_mike_project.png
[2025-03-22 20:23:21] [ERROR] Controllers/ImageController->getImage(boo_first_day_school.png): image not found at /Applications/XAMPP/xamppfiles/htdocs/socialMedia/media/boo_first_day_school.png
[2025-03-22 20:23:21] [ERROR] Controllers/ImageController->getImage(celia_and_mike_project.png): image not found at /Applications/XAMPP/xamppfiles/htdocs/socialMedia/media/celia_and_mike_project.png
[2025-03-22 20:23:33] [ERROR] Controllers/ImageController->getImage(boo_first_day_school.png): image not found at /Applications/XAMPP/xamppfiles/htdocs/socialMedia/media/boo_first_day_school.png
[2025-03-22 20:23:33] [ERROR] Controllers/ImageController->getImage(celia_and_mike_project.png): image not found at /Applications/XAMPP/xamppfiles/htdocs/socialMedia/media/celia_and_mike_project.png
[2025-03-22 20:23:38] [ERROR] Controllers/ImageController->getImage(boo_first_day_school.png): image not found at /Applications/XAMPP/xamppfiles/htdocs/socialMedia/media/boo_first_day_school.png
[2025-03-22 20:23:38] [ERROR] Controllers/ImageController->getImage(celia_and_mike_project.png): image not found at /Applications/XAMPP/xamppfiles/htdocs/socialMedia/media/celia_and_mike_project.png
[2025-03-22 20:24:49] [ERROR] Controllers/ImageController->getImage(celia_and_mike_project.png): image not found at /Applications/XAMPP/xamppfiles/htdocs/socialMedia/media/celia_and_mike_project.png
[2025-03-22 20:29:19] [ERROR] Controllers/ImageController->getImage(boo_first_day_school.png): image not found at /Applications/XAMPP/xamppfiles/htdocs/socialMedia/media/boo_first_day_school.png
[2025-03-22 20:29:19] [ERROR] Controllers/ImageController->getImage(celia_and_mike_project.png): image not found at /Applications/XAMPP/xamppfiles/htdocs/socialMedia/media/celia_and_mike_project.png
[2025-03-22 20:29:38] [ERROR] Controllers/ImageController->getImage(boo_first_day_school.png): image not found at /Applications/XAMPP/xamppfiles/htdocs/socialMedia/media/boo_first_day_school.png
[2025-03-22 20:29:39] [ERROR] Controllers/ImageController->getImage(celia_and_mike_project.png): image not found at /Applications/XAMPP/xamppfiles/htdocs/socialMedia/media/celia_and_mike_project.png
[2025-03-22 21:14:16] [ERROR] Controllers/ImageController->getImage(celia_and_mike_project.png): image not found at /Applications/XAMPP/xamppfiles/htdocs/socialMedia/media/celia_and_mike_project.png
[2025-03-22 21:14:16] [ERROR] Controllers/ImageController->getImage(boo_first_day_school.png): image not found at /Applications/XAMPP/xamppfiles/htdocs/socialMedia/media/boo_first_day_school.png
[2025-03-22 21:14:31] [ERROR] Controllers/ImageController->getImage(boo_first_day_school.png): image not found at /Applications/XAMPP/xamppfiles/htdocs/socialMedia/media/boo_first_day_school.png
[2025-03-22 21:14:31] [ERROR] Controllers/ImageController->getImage(celia_and_mike_project.png): image not found at /Applications/XAMPP/xamppfiles/htdocs/socialMedia/media/celia_and_mike_project.png
[2025-03-22 21:15:00] [ERROR] Controllers/ImageController->getImage(celia_and_mike_project.png): image not found at /Applications/XAMPP/xamppfiles/htdocs/socialMedia/media/celia_and_mike_project.png
[2025-03-22 21:15:00] [ERROR] Controllers/ImageController->getImage(boo_first_day_school.png): image not found at /Applications/XAMPP/xamppfiles/htdocs/socialMedia/media/boo_first_day_school.png
[2025-03-22 21:15:02] [ERROR] Controllers/ImageController->getImage(boo_first_day_school.png): image not found at /Applications/XAMPP/xamppfiles/htdocs/socialMedia/media/boo_first_day_school.png
[2025-03-22 21:15:02] [ERROR] Controllers/ImageController->getImage(celia_and_mike_project.png): image not found at /Applications/XAMPP/xamppfiles/htdocs/socialMedia/media/celia_and_mike_project.png
[2025-03-22 21:20:53] [ERROR] Controllers/ImageController->getImage(boo_first_day_school.png): image not found at /Applications/XAMPP/xamppfiles/htdocs/socialMedia/media/boo_first_day_school.png
[2025-03-22 21:20:53] [ERROR] Controllers/ImageController->getImage(celia_and_mike_project.png): image not found at /Applications/XAMPP/xamppfiles/htdocs/socialMedia/media/celia_and_mike_project.png
[2025-03-22 21:23:14] [ERROR] Controllers/ImageController->getImage(boo_first_day_school.png): image not found at /Applications/XAMPP/xamppfiles/htdocs/socialMedia/media/boo_first_day_school.png
[2025-03-22 21:23:14] [ERROR] Controllers/ImageController->getImage(celia_and_mike_project.png): image not found at /Applications/XAMPP/xamppfiles/htdocs/socialMedia/media/celia_and_mike_project.png
[2025-03-22 21:23:37] [ERROR] Controllers/ImageController->getImage(boo_first_day_school.png): image not found at /Applications/XAMPP/xamppfiles/htdocs/socialMedia/media/boo_first_day_school.png
[2025-03-22 21:23:37] [ERROR] Controllers/ImageController->getImage(celia_and_mike_project.png): image not found at /Applications/XAMPP/xamppfiles/htdocs/socialMedia/media/celia_and_mike_project.png
[2025-03-22 21:31:05] [ERROR] Controllers/ImageController->getImage(boo_first_day_school.png): image not found at /Applications/XAMPP/xamppfiles/htdocs/socialMedia/media/boo_first_day_school.png
[2025-03-22 21:31:05] [ERROR] Controllers/ImageController->getImage(celia_and_mike_project.png): image not found at /Applications/XAMPP/xamppfiles/htdocs/socialMedia/media/celia_and_mike_project.png
[2025-03-22 21:31:12] [ERROR] Controllers/ImageController->getImage(celia_and_mike_project.png): image not found at /Applications/XAMPP/xamppfiles/htdocs/socialMedia/media/celia_and_mike_project.png
[2025-03-22 21:31:12] [ERROR] Controllers/ImageController->getImage(boo_first_day_school.png): image not found at /Applications/XAMPP/xamppfiles/htdocs/socialMedia/media/boo_first_day_school.png
[2025-03-22 21:31:15] [ERROR] Controllers/ImageController->getImage(celia_and_mike_project.png): image not found at /Applications/XAMPP/xamppfiles/htdocs/socialMedia/media/celia_and_mike_project.png
[2025-03-22 21:31:15] [ERROR] Controllers/ImageController->getImage(boo_first_day_school.png): image not found at /Applications/XAMPP/xamppfiles/htdocs/socialMedia/media/boo_first_day_school.png
[2025-03-23 13:52:51] [ERROR] Controllers/ImageController->getImage(group_default.jpg): image not found at /Applications/XAMPP/xamppfiles/htdocs/socialMedia/media/group_default.jpg
[2025-03-23 15:35:34] [ERROR] Controllers/ImageController->getImage(boo_first_day_school.png): image not found at /Applications/XAMPP/xamppfiles/htdocs/socialMedia/media/boo_first_day_school.png
[2025-03-23 15:35:34] [ERROR] Controllers/ImageController->getImage(celia_and_mike_project.png): image not found at /Applications/XAMPP/xamppfiles/htdocs/socialMedia/media/celia_and_mike_project.png
[2025-03-23 15:35:38] [ERROR] Controllers/ImageController->getImage(boo_first_day_school.png): image not found at /Applications/XAMPP/xamppfiles/htdocs/socialMedia/media/boo_first_day_school.png
[2025-03-23 15:35:38] [ERROR] Controllers/ImageController->getImage(celia_and_mike_project.png): image not found at /Applications/XAMPP/xamppfiles/htdocs/socialMedia/media/celia_and_mike_project.png
[2025-03-23 15:35:41] [ERROR] Controllers/ImageController->getImage(boo_first_day_school.png): image not found at /Applications/XAMPP/xamppfiles/htdocs/socialMedia/media/boo_first_day_school.png
[2025-03-23 15:35:43] [ERROR] Controllers/ImageController->getImage(boo_first_day_school.png): image not found at /Applications/XAMPP/xamppfiles/htdocs/socialMedia/media/boo_first_day_school.png
[2025-03-23 15:35:43] [ERROR] Controllers/ImageController->getImage(celia_and_mike_project.png): image not found at /Applications/XAMPP/xamppfiles/htdocs/socialMedia/media/celia_and_mike_project.png
[2025-03-23 15:35:47] [ERROR] Controllers/ImageController->getImage(celia_and_mike_project.png): image not found at /Applications/XAMPP/xamppfiles/htdocs/socialMedia/media/celia_and_mike_project.png
[2025-03-23 15:36:01] [ERROR] Controllers/ImageController->getImage(boo_first_day_school.png): image not found at /Applications/XAMPP/xamppfiles/htdocs/socialMedia/media/boo_first_day_school.png
[2025-03-23 15:36:01] [ERROR] Controllers/ImageController->getImage(celia_and_mike_project.png): image not found at /Applications/XAMPP/xamppfiles/htdocs/socialMedia/media/celia_and_mike_project.png
[2025-03-23 16:07:04] [ERROR] Controllers/ImageController->getImage(boo_first_day_school.png): image not found at /Applications/XAMPP/xamppfiles/htdocs/socialMedia/media/boo_first_day_school.png
[2025-03-23 16:07:04] [ERROR] Controllers/ImageController->getImage(celia_and_mike_project.png): image not found at /Applications/XAMPP/xamppfiles/htdocs/socialMedia/media/celia_and_mike_project.png
[2025-03-23 16:07:23] [ERROR] Controllers/ImageController->getImage(celia_and_mike_project.png): image not found at /Applications/XAMPP/xamppfiles/htdocs/socialMedia/media/celia_and_mike_project.png
[2025-03-23 16:07:24] [ERROR] Controllers/ImageController->getImage(boo_first_day_school.png): image not found at /Applications/XAMPP/xamppfiles/htdocs/socialMedia/media/boo_first_day_school.png
[2025-03-23 16:07:39] [ERROR] Controllers/ImageController->getImage(celia_and_mike_project.png): image not found at /Applications/XAMPP/xamppfiles/htdocs/socialMedia/media/celia_and_mike_project.png
[2025-03-23 16:07:39] [ERROR] Controllers/ImageController->getImage(roz_late_night_office.png): image not found at /Applications/XAMPP/xamppfiles/htdocs/socialMedia/media/roz_late_night_office.png
[2025-03-23 16:08:06] [ERROR] Controllers/ImageController->getImage(celia_and_mike_project.png): image not found at /Applications/XAMPP/xamppfiles/htdocs/socialMedia/media/celia_and_mike_project.png
[2025-03-23 16:08:06] [ERROR] Controllers/ImageController->getImage(roz_late_night_office.png): image not found at /Applications/XAMPP/xamppfiles/htdocs/socialMedia/media/roz_late_night_office.png
[2025-03-23 16:08:17] [ERROR] Controllers/ImageController->getImage(celia_and_mike_project.png): image not found at /Applications/XAMPP/xamppfiles/htdocs/socialMedia/media/celia_and_mike_project.png
[2025-03-23 16:08:17] [ERROR] Controllers/ImageController->getImage(roz_late_night_office.png): image not found at /Applications/XAMPP/xamppfiles/htdocs/socialMedia/media/roz_late_night_office.png
[2025-03-23 16:12:04] [ERROR] Controllers/ImageController->getImage(celia_and_mike_project.png): image not found at /Applications/XAMPP/xamppfiles/htdocs/socialMedia/media/celia_and_mike_project.png
[2025-03-23 16:12:04] [ERROR] Controllers/ImageController->getImage(roz_late_night_office.png): image not found at /Applications/XAMPP/xamppfiles/htdocs/socialMedia/media/roz_late_night_office.png
[2025-03-23 16:12:12] [ERROR] Controllers/ImageController->getImage(celia_and_mike_project.png): image not found at /Applications/XAMPP/xamppfiles/htdocs/socialMedia/media/celia_and_mike_project.png
[2025-03-23 16:12:12] [ERROR] Controllers/ImageController->getImage(roz_late_night_office.png): image not found at /Applications/XAMPP/xamppfiles/htdocs/socialMedia/media/roz_late_night_office.png
[2025-03-23 16:12:24] [ERROR] Controllers/ImageController->getImage(celia_and_mike_project.png): image not found at /Applications/XAMPP/xamppfiles/htdocs/socialMedia/media/celia_and_mike_project.png
[2025-03-23 16:12:24] [ERROR] Controllers/ImageController->getImage(boo_first_day_school.png): image not found at /Applications/XAMPP/xamppfiles/htdocs/socialMedia/media/boo_first_day_school.png
[2025-03-23 16:13:01] [ERROR] Controllers/ImageController->getImage(boo_first_day_school.png): image not found at /Applications/XAMPP/xamppfiles/htdocs/socialMedia/media/boo_first_day_school.png
[2025-03-23 16:13:01] [ERROR] Controllers/ImageController->getImage(celia_and_mike_project.png): image not found at /Applications/XAMPP/xamppfiles/htdocs/socialMedia/media/celia_and_mike_project.png
[2025-03-23 18:56:56] [ERROR] Controllers/ImageController->getImage(boo_first_day_school.png): image not found at /Applications/XAMPP/xamppfiles/htdocs/socialMedia/media/boo_first_day_school.png
[2025-03-23 18:56:56] [ERROR] Controllers/ImageController->getImage(celia_and_mike_project.png): image not found at /Applications/XAMPP/xamppfiles/htdocs/socialMedia/media/celia_and_mike_project.png
[2025-03-23 19:19:52] [ERROR] Controllers/ImageController->getImage(boo_first_day_school.png): image not found at /Applications/XAMPP/xamppfiles/htdocs/socialMedia/media/boo_first_day_school.png
[2025-03-23 19:19:52] [ERROR] Controllers/ImageController->getImage(celia_and_mike_project.png): image not found at /Applications/XAMPP/xamppfiles/htdocs/socialMedia/media/celia_and_mike_project.png
[2025-03-23 19:22:58] [ERROR] Controllers/ImageController->getImage(boo_first_day_school.png): image not found at /Applications/XAMPP/xamppfiles/htdocs/socialMedia/media/boo_first_day_school.png
[2025-03-23 19:22:58] [ERROR] Controllers/ImageController->getImage(celia_and_mike_project.png): image not found at /Applications/XAMPP/xamppfiles/htdocs/socialMedia/media/celia_and_mike_project.png
[2025-03-23 19:35:30] [ERROR] Controllers/ImageController->getImage(boo_first_day_school.png): image not found at /Applications/XAMPP/xamppfiles/htdocs/socialMedia/media/boo_first_day_school.png
[2025-03-23 19:35:30] [ERROR] Controllers/ImageController->getImage(celia_and_mike_project.png): image not found at /Applications/XAMPP/xamppfiles/htdocs/socialMedia/media/celia_and_mike_project.png
[2025-03-23 19:49:34] [ERROR] Controllers/ImageController->getImage(boo_first_day_school.png): image not found at /Applications/XAMPP/xamppfiles/htdocs/socialMedia/media/boo_first_day_school.png
[2025-03-23 19:49:34] [ERROR] Controllers/ImageController->getImage(celia_and_mike_project.png): image not found at /Applications/XAMPP/xamppfiles/htdocs/socialMedia/media/celia_and_mike_project.png
[2025-03-23 19:55:11] [ERROR] Controllers/ImageController->getImage(boo_first_day_school.png): image not found at /Applications/XAMPP/xamppfiles/htdocs/socialMedia/media/boo_first_day_school.png
[2025-03-23 19:55:11] [ERROR] Controllers/ImageController->getImage(celia_and_mike_project.png): image not found at /Applications/XAMPP/xamppfiles/htdocs/socialMedia/media/celia_and_mike_project.png
[2025-03-23 20:05:22] [ERROR] Controllers/ImageController->getImage(boo_first_day_school.png): image not found at /Applications/XAMPP/xamppfiles/htdocs/socialMedia/media/boo_first_day_school.png
[2025-03-23 20:05:22] [ERROR] Controllers/ImageController->getImage(celia_and_mike_project.png): image not found at /Applications/XAMPP/xamppfiles/htdocs/socialMedia/media/celia_and_mike_project.png
[2025-03-23 20:05:28] [ERROR] Controllers/ImageController->getImage(boo_first_day_school.png): image not found at /Applications/XAMPP/xamppfiles/htdocs/socialMedia/media/boo_first_day_school.png
[2025-03-23 20:05:28] [ERROR] Controllers/ImageController->getImage(celia_and_mike_project.png): image not found at /Applications/XAMPP/xamppfiles/htdocs/socialMedia/media/celia_and_mike_project.png
[2025-03-23 20:06:15] [ERROR] Controllers/ImageController->getImage(boo_first_day_school.png): image not found at /Applications/XAMPP/xamppfiles/htdocs/socialMedia/media/boo_first_day_school.png
[2025-03-23 20:06:15] [ERROR] Controllers/ImageController->getImage(celia_and_mike_project.png): image not found at /Applications/XAMPP/xamppfiles/htdocs/socialMedia/media/celia_and_mike_project.png
[2025-03-23 20:07:36] [ERROR] Controllers/ImageController->getImage(boo_first_day_school.png): image not found at /Applications/XAMPP/xamppfiles/htdocs/socialMedia/media/boo_first_day_school.png
[2025-03-23 20:07:36] [ERROR] Controllers/ImageController->getImage(celia_and_mike_project.png): image not found at /Applications/XAMPP/xamppfiles/htdocs/socialMedia/media/celia_and_mike_project.png
[2025-03-23 20:07:41] [ERROR] Controllers/ImageController->getImage(boo_first_day_school.png): image not found at /Applications/XAMPP/xamppfiles/htdocs/socialMedia/media/boo_first_day_school.png
[2025-03-23 20:07:41] [ERROR] Controllers/ImageController->getImage(celia_and_mike_project.png): image not found at /Applications/XAMPP/xamppfiles/htdocs/socialMedia/media/celia_and_mike_project.png
[2025-03-23 20:07:47] [ERROR] Controllers/ImageController->getImage(boo_first_day_school.png): image not found at /Applications/XAMPP/xamppfiles/htdocs/socialMedia/media/boo_first_day_school.png
[2025-03-23 20:07:47] [ERROR] Controllers/ImageController->getImage(celia_and_mike_project.png): image not found at /Applications/XAMPP/xamppfiles/htdocs/socialMedia/media/celia_and_mike_project.png
[2025-03-23 20:07:51] [ERROR] Controllers/ImageController->getImage(boo_first_day_school.png): image not found at /Applications/XAMPP/xamppfiles/htdocs/socialMedia/media/boo_first_day_school.png
[2025-03-23 20:07:51] [ERROR] Controllers/ImageController->getImage(celia_and_mike_project.png): image not found at /Applications/XAMPP/xamppfiles/htdocs/socialMedia/media/celia_and_mike_project.png
[2025-03-23 20:07:54] [ERROR] Controllers/ImageController->getImage(boo_first_day_school.png): image not found at /Applications/XAMPP/xamppfiles/htdocs/socialMedia/media/boo_first_day_school.png
[2025-03-23 20:07:54] [ERROR] Controllers/ImageController->getImage(celia_and_mike_project.png): image not found at /Applications/XAMPP/xamppfiles/htdocs/socialMedia/media/celia_and_mike_project.png
[2025-03-23 20:08:02] [ERROR] Controllers/ImageController->getImage(boo_first_day_school.png): image not found at /Applications/XAMPP/xamppfiles/htdocs/socialMedia/media/boo_first_day_school.png
[2025-03-23 20:08:02] [ERROR] Controllers/ImageController->getImage(celia_and_mike_project.png): image not found at /Applications/XAMPP/xamppfiles/htdocs/socialMedia/media/celia_and_mike_project.png
[2025-03-23 20:08:59] [ERROR] Controllers/ImageController->getImage(boo_first_day_school.png): image not found at /Applications/XAMPP/xamppfiles/htdocs/socialMedia/media/boo_first_day_school.png
[2025-03-23 20:08:59] [ERROR] Controllers/ImageController->getImage(celia_and_mike_project.png): image not found at /Applications/XAMPP/xamppfiles/htdocs/socialMedia/media/celia_and_mike_project.png
[2025-03-23 20:09:38] [ERROR] Controllers/ImageController->getImage(boo_first_day_school.png): image not found at /Applications/XAMPP/xamppfiles/htdocs/socialMedia/media/boo_first_day_school.png
[2025-03-23 20:09:38] [ERROR] Controllers/ImageController->getImage(celia_and_mike_project.png): image not found at /Applications/XAMPP/xamppfiles/htdocs/socialMedia/media/celia_and_mike_project.png
[2025-03-23 20:10:10] [ERROR] Controllers/ImageController->getImage(boo_first_day_school.png): image not found at /Applications/XAMPP/xamppfiles/htdocs/socialMedia/media/boo_first_day_school.png
[2025-03-23 20:10:10] [ERROR] Controllers/ImageController->getImage(celia_and_mike_project.png): image not found at /Applications/XAMPP/xamppfiles/htdocs/socialMedia/media/celia_and_mike_project.png
[2025-03-24 09:33:51] [ERROR] Controllers/ImageController->getImage(boo_first_day_school.png): image not found at /Applications/XAMPP/xamppfiles/htdocs/socialMedia/media/boo_first_day_school.png
[2025-03-24 09:33:51] [ERROR] Controllers/ImageController->getImage(celia_and_mike_project.png): image not found at /Applications/XAMPP/xamppfiles/htdocs/socialMedia/media/celia_and_mike_project.png
[2025-03-24 09:33:51] [ERROR] Controllers/ImageController->getImage(profile_picture_plaveholder.png): image not found at /Applications/XAMPP/xamppfiles/htdocs/socialMedia/media/profile_picture_plaveholder.png
[2025-03-24 09:34:34] [ERROR] Controllers/ImageController->getImage(celia_and_mike_project.png): image not found at /Applications/XAMPP/xamppfiles/htdocs/socialMedia/media/celia_and_mike_project.png
[2025-03-24 09:34:34] [ERROR] Controllers/ImageController->getImage(profile_picture_plaveholder.png): image not found at /Applications/XAMPP/xamppfiles/htdocs/socialMedia/media/profile_picture_plaveholder.png
[2025-03-24 09:34:34] [ERROR] Controllers/ImageController->getImage(boo_first_day_school.png): image not found at /Applications/XAMPP/xamppfiles/htdocs/socialMedia/media/boo_first_day_school.png
[2025-03-24 09:34:49] [ERROR] Controllers/ImageController->getImage(boo_first_day_school.png): image not found at /Applications/XAMPP/xamppfiles/htdocs/socialMedia/media/boo_first_day_school.png
[2025-03-24 09:34:49] [ERROR] Controllers/ImageController->getImage(celia_and_mike_project.png): image not found at /Applications/XAMPP/xamppfiles/htdocs/socialMedia/media/celia_and_mike_project.png
[2025-03-24 09:34:49] [ERROR] Controllers/ImageController->getImage(profile_picture_plaveholder.png): image not found at /Applications/XAMPP/xamppfiles/htdocs/socialMedia/media/profile_picture_plaveholder.png
[2025-03-24 09:35:03] [ERROR] Controllers/ImageController->getImage(boo_first_day_school.png): image not found at /Applications/XAMPP/xamppfiles/htdocs/socialMedia/media/boo_first_day_school.png
[2025-03-24 09:35:03] [ERROR] Controllers/ImageController->getImage(profile_picture_plaveholder.png): image not found at /Applications/XAMPP/xamppfiles/htdocs/socialMedia/media/profile_picture_plaveholder.png
[2025-03-24 09:35:03] [ERROR] Controllers/ImageController->getImage(celia_and_mike_project.png): image not found at /Applications/XAMPP/xamppfiles/htdocs/socialMedia/media/celia_and_mike_project.png
[2025-03-24 09:35:11] [ERROR] Controllers/ImageController->getImage(profile_picture_plaveholder.png): image not found at /Applications/XAMPP/xamppfiles/htdocs/socialMedia/media/profile_picture_plaveholder.png
[2025-03-24 09:35:17] [ERROR] Controllers/ImageController->getImage(boo_first_day_school.png): image not found at /Applications/XAMPP/xamppfiles/htdocs/socialMedia/media/boo_first_day_school.png
[2025-03-24 09:35:27] [ERROR] Controllers/ImageController->getImage(boo_first_day_school.png): image not found at /Applications/XAMPP/xamppfiles/htdocs/socialMedia/media/boo_first_day_school.png
[2025-03-24 09:35:27] [ERROR] Controllers/ImageController->getImage(profile_picture_plaveholder.png): image not found at /Applications/XAMPP/xamppfiles/htdocs/socialMedia/media/profile_picture_plaveholder.png
[2025-03-24 09:35:27] [ERROR] Controllers/ImageController->getImage(celia_and_mike_project.png): image not found at /Applications/XAMPP/xamppfiles/htdocs/socialMedia/media/celia_and_mike_project.png
[2025-03-24 09:35:46] [ERROR] Controllers/ImageController->getImage(profile_picture_plaveholder.png): image not found at /Applications/XAMPP/xamppfiles/htdocs/socialMedia/media/profile_picture_plaveholder.png
[2025-03-24 09:40:24] [ERROR] Controllers/ImageController->getImage(boo_first_day_school.png): image not found at /Applications/XAMPP/xamppfiles/htdocs/socialMedia/media/boo_first_day_school.png
[2025-03-24 09:40:24] [ERROR] Controllers/ImageController->getImage(profile_picture_plaveholder.png): image not found at /Applications/XAMPP/xamppfiles/htdocs/socialMedia/media/profile_picture_plaveholder.png
[2025-03-24 09:40:24] [ERROR] Controllers/ImageController->getImage(celia_and_mike_project.png): image not found at /Applications/XAMPP/xamppfiles/htdocs/socialMedia/media/celia_and_mike_project.png
[2025-03-24 10:24:03] [ERROR] Controllers/ImageController->getImage(boo_first_day_school.png): image not found at /Applications/XAMPP/xamppfiles/htdocs/socialMedia/media/boo_first_day_school.png
[2025-03-24 10:24:03] [ERROR] Controllers/ImageController->getImage(profile_picture_plaveholder.png): image not found at /Applications/XAMPP/xamppfiles/htdocs/socialMedia/media/profile_picture_plaveholder.png
[2025-03-24 10:24:03] [ERROR] Controllers/ImageController->getImage(celia_and_mike_project.png): image not found at /Applications/XAMPP/xamppfiles/htdocs/socialMedia/media/celia_and_mike_project.png
[2025-03-24 13:07:43] [ERROR] Controllers/ImageController->getImage(profile_picture_plaveholder.png): image not found at /Applications/XAMPP/xamppfiles/htdocs/socialMedia/media/profile_picture_plaveholder.png
[2025-03-24 13:13:46] [ERROR] Controllers/ImageController->getImage(profile_picture_plaveholder.png): image not found at /Applications/XAMPP/xamppfiles/htdocs/socialMedia/media/profile_picture_plaveholder.png
[2025-03-24 13:33:44] [ERROR] Controllers/ImageController->getImage(profile_picture_plaveholder.png): image not found at /Applications/XAMPP/xamppfiles/htdocs/socialMedia/media/profile_picture_plaveholder.png
[2025-03-24 13:37:18] [ERROR] Controllers/ImageController->getImage(profile_picture_plaveholder.png): image not found at /Applications/XAMPP/xamppfiles/htdocs/socialMedia/media/profile_picture_plaveholder.png
[2025-03-24 13:41:36] [ERROR] Controllers/ImageController->getImage(profile_picture_plaveholder.png): image not found at /Applications/XAMPP/xamppfiles/htdocs/socialMedia/media/profile_picture_plaveholder.png
[2025-03-24 13:42:48] [ERROR] Controllers/ImageController->getImage(profile_picture_plaveholder.png): image not found at /Applications/XAMPP/xamppfiles/htdocs/socialMedia/media/profile_picture_plaveholder.png
[2025-03-24 13:43:07] [ERROR] Controllers/ImageController->getImage(profile_picture_plaveholder.png): image not found at /Applications/XAMPP/xamppfiles/htdocs/socialMedia/media/profile_picture_plaveholder.png
[2025-03-24 13:43:43] [ERROR] Controllers/ImageController->getImage(boo_first_day_school.png): image not found at /Applications/XAMPP/xamppfiles/htdocs/socialMedia/media/boo_first_day_school.png
[2025-03-24 13:43:43] [ERROR] Controllers/ImageController->getImage(profile_picture_plaveholder.png): image not found at /Applications/XAMPP/xamppfiles/htdocs/socialMedia/media/profile_picture_plaveholder.png
[2025-03-24 13:43:43] [ERROR] Controllers/ImageController->getImage(celia_and_mike_project.png): image not found at /Applications/XAMPP/xamppfiles/htdocs/socialMedia/media/celia_and_mike_project.png
[2025-03-24 13:45:29] [ERROR] Controllers/ImageController->getImage(profile_picture_plaveholder.png): image not found at /Applications/XAMPP/xamppfiles/htdocs/socialMedia/media/profile_picture_plaveholder.png
[2025-03-24 13:45:29] [ERROR] Controllers/ImageController->getImage(boo_first_day_school.png): image not found at /Applications/XAMPP/xamppfiles/htdocs/socialMedia/media/boo_first_day_school.png
[2025-03-24 13:45:29] [ERROR] Controllers/ImageController->getImage(celia_and_mike_project.png): image not found at /Applications/XAMPP/xamppfiles/htdocs/socialMedia/media/celia_and_mike_project.png
[2025-03-24 13:49:06] [ERROR] Controllers/ImageController->getImage(boo_first_day_school.png): image not found at /Applications/XAMPP/xamppfiles/htdocs/socialMedia/media/boo_first_day_school.png
[2025-03-24 13:49:06] [ERROR] Controllers/ImageController->getImage(profile_picture_plaveholder.png): image not found at /Applications/XAMPP/xamppfiles/htdocs/socialMedia/media/profile_picture_plaveholder.png
[2025-03-24 13:49:06] [ERROR] Controllers/ImageController->getImage(celia_and_mike_project.png): image not found at /Applications/XAMPP/xamppfiles/htdocs/socialMedia/media/celia_and_mike_project.png
[2025-03-24 14:04:04] [ERROR] Controllers/ImageController->getImage(boo_first_day_school.png): image not found at /Applications/XAMPP/xamppfiles/htdocs/socialMedia/media/boo_first_day_school.png
[2025-03-24 14:04:04] [ERROR] Controllers/ImageController->getImage(celia_and_mike_project.png): image not found at /Applications/XAMPP/xamppfiles/htdocs/socialMedia/media/celia_and_mike_project.png
[2025-03-24 14:04:04] [ERROR] Controllers/ImageController->getImage(profile_picture_plaveholder.png): image not found at /Applications/XAMPP/xamppfiles/htdocs/socialMedia/media/profile_picture_plaveholder.png
[2025-03-24 16:44:58] [ERROR] Controllers/ImageController->getImage(boo_first_day_school.png): image not found at /Applications/XAMPP/xamppfiles/htdocs/socialMedia/media/boo_first_day_school.png
[2025-03-24 16:44:58] [ERROR] Controllers/ImageController->getImage(profile_picture_plaveholder.png): image not found at /Applications/XAMPP/xamppfiles/htdocs/socialMedia/media/profile_picture_plaveholder.png
[2025-03-24 16:44:58] [ERROR] Controllers/ImageController->getImage(celia_and_mike_project.png): image not found at /Applications/XAMPP/xamppfiles/htdocs/socialMedia/media/celia_and_mike_project.png
[2025-03-24 16:45:22] [ERROR] Controllers/ImageController->getImage(profile_picture_plaveholder.png): image not found at /Applications/XAMPP/xamppfiles/htdocs/socialMedia/media/profile_picture_plaveholder.png
[2025-03-24 16:45:22] [ERROR] Controllers/ImageController->getImage(celia_and_mike_project.png): image not found at /Applications/XAMPP/xamppfiles/htdocs/socialMedia/media/celia_and_mike_project.png
[2025-03-24 16:45:22] [ERROR] Controllers/ImageController->getImage(boo_first_day_school.png): image not found at /Applications/XAMPP/xamppfiles/htdocs/socialMedia/media/boo_first_day_school.png
[2025-03-24 21:03:49] [ERROR] Controllers/ImageController->getImage(boo_first_day_school.png): image not found at /Applications/XAMPP/xamppfiles/htdocs/socialMedia/media/boo_first_day_school.png
[2025-03-24 21:03:49] [ERROR] Controllers/ImageController->getImage(profile_picture_plaveholder.png): image not found at /Applications/XAMPP/xamppfiles/htdocs/socialMedia/media/profile_picture_plaveholder.png
[2025-03-24 21:03:49] [ERROR] Controllers/ImageController->getImage(celia_and_mike_project.png): image not found at /Applications/XAMPP/xamppfiles/htdocs/socialMedia/media/celia_and_mike_project.png
[2025-03-24 22:55:53] [ERROR] Controllers/ImageController->getImage(profile_picture_plaveholder.png): image not found at /Applications/XAMPP/xamppfiles/htdocs/socialMedia/media/profile_picture_plaveholder.png
[2025-03-24 22:55:53] [ERROR] Controllers/ImageController->getImage(boo_first_day_school.png): image not found at /Applications/XAMPP/xamppfiles/htdocs/socialMedia/media/boo_first_day_school.png
[2025-03-24 22:55:53] [ERROR] Controllers/ImageController->getImage(celia_and_mike_project.png): image not found at /Applications/XAMPP/xamppfiles/htdocs/socialMedia/media/celia_and_mike_project.png
[2025-03-24 22:55:56] [ERROR] Controllers/ImageController->getImage(boo_first_day_school.png): image not found at /Applications/XAMPP/xamppfiles/htdocs/socialMedia/media/boo_first_day_school.png
[2025-03-24 22:55:56] [ERROR] Controllers/ImageController->getImage(profile_picture_plaveholder.png): image not found at /Applications/XAMPP/xamppfiles/htdocs/socialMedia/media/profile_picture_plaveholder.png
[2025-03-24 22:55:56] [ERROR] Controllers/ImageController->getImage(celia_and_mike_project.png): image not found at /Applications/XAMPP/xamppfiles/htdocs/socialMedia/media/celia_and_mike_project.png
[2025-03-24 23:03:28] [ERROR] Controllers/ImageController->getImage(profile_picture_plaveholder.png): image not found at /Applications/XAMPP/xamppfiles/htdocs/socialMedia/media/profile_picture_plaveholder.png
[2025-03-24 23:03:28] [ERROR] Controllers/ImageController->getImage(celia_and_mike_project.png): image not found at /Applications/XAMPP/xamppfiles/htdocs/socialMedia/media/celia_and_mike_project.png
[2025-03-24 23:03:28] [ERROR] Controllers/ImageController->getImage(roz_late_night_office.png): image not found at /Applications/XAMPP/xamppfiles/htdocs/socialMedia/media/roz_late_night_office.png
[2025-03-24 23:07:58] [ERROR] Controllers/ImageController->getImage(boo_first_day_school.png): image not found at /Applications/XAMPP/xamppfiles/htdocs/socialMedia/media/boo_first_day_school.png
[2025-03-24 23:07:58] [ERROR] Controllers/ImageController->getImage(profile_picture_plaveholder.png): image not found at /Applications/XAMPP/xamppfiles/htdocs/socialMedia/media/profile_picture_plaveholder.png
[2025-03-24 23:07:58] [ERROR] Controllers/ImageController->getImage(celia_and_mike_project.png): image not found at /Applications/XAMPP/xamppfiles/htdocs/socialMedia/media/celia_and_mike_project.png
[2025-03-24 23:08:03] [ERROR] Controllers/ImageController->getImage(profile_picture_plaveholder.png): image not found at /Applications/XAMPP/xamppfiles/htdocs/socialMedia/media/profile_picture_plaveholder.png
[2025-03-24 23:08:03] [ERROR] Controllers/ImageController->getImage(boo_first_day_school.png): image not found at /Applications/XAMPP/xamppfiles/htdocs/socialMedia/media/boo_first_day_school.png
[2025-03-24 23:08:03] [ERROR] Controllers/ImageController->getImage(celia_and_mike_project.png): image not found at /Applications/XAMPP/xamppfiles/htdocs/socialMedia/media/celia_and_mike_project.png
[2025-03-24 23:12:15] [ERROR] Controllers/ImageController->getImage(boo_first_day_school.png): image not found at /Applications/XAMPP/xamppfiles/htdocs/socialMedia/media/boo_first_day_school.png
[2025-03-24 23:12:15] [ERROR] Controllers/ImageController->getImage(celia_and_mike_project.png): image not found at /Applications/XAMPP/xamppfiles/htdocs/socialMedia/media/celia_and_mike_project.png
[2025-03-24 23:12:15] [ERROR] Controllers/ImageController->getImage(profile_picture_plaveholder.png): image not found at /Applications/XAMPP/xamppfiles/htdocs/socialMedia/media/profile_picture_plaveholder.png
[2025-03-24 23:12:29] [ERROR] Controllers/ImageController->getImage(celia_and_mike_project.png): image not found at /Applications/XAMPP/xamppfiles/htdocs/socialMedia/media/celia_and_mike_project.png
[2025-03-24 23:12:29] [ERROR] Controllers/ImageController->getImage(profile_picture_plaveholder.png): image not found at /Applications/XAMPP/xamppfiles/htdocs/socialMedia/media/profile_picture_plaveholder.png
[2025-03-24 23:12:29] [ERROR] Controllers/ImageController->getImage(roz_late_night_office.png): image not found at /Applications/XAMPP/xamppfiles/htdocs/socialMedia/media/roz_late_night_office.png
[2025-03-24 23:12:42] [ERROR] Controllers/ImageController->getImage(boo_first_day_school.png): image not found at /Applications/XAMPP/xamppfiles/htdocs/socialMedia/media/boo_first_day_school.png
[2025-03-24 23:12:42] [ERROR] Controllers/ImageController->getImage(profile_picture_plaveholder.png): image not found at /Applications/XAMPP/xamppfiles/htdocs/socialMedia/media/profile_picture_plaveholder.png
[2025-03-24 23:12:42] [ERROR] Controllers/ImageController->getImage(celia_and_mike_project.png): image not found at /Applications/XAMPP/xamppfiles/htdocs/socialMedia/media/celia_and_mike_project.png
[2025-03-24 23:12:54] [ERROR] Controllers/ImageController->getImage(boo_first_day_school.png): image not found at /Applications/XAMPP/xamppfiles/htdocs/socialMedia/media/boo_first_day_school.png
[2025-03-24 23:12:54] [ERROR] Controllers/ImageController->getImage(profile_picture_plaveholder.png): image not found at /Applications/XAMPP/xamppfiles/htdocs/socialMedia/media/profile_picture_plaveholder.png
[2025-03-24 23:12:54] [ERROR] Controllers/ImageController->getImage(celia_and_mike_project.png): image not found at /Applications/XAMPP/xamppfiles/htdocs/socialMedia/media/celia_and_mike_project.png
[2025-03-24 23:13:07] [ERROR] Controllers/ImageController->getImage(celia_and_mike_project.png): image not found at /Applications/XAMPP/xamppfiles/htdocs/socialMedia/media/celia_and_mike_project.png
[2025-03-24 23:13:07] [ERROR] Controllers/ImageController->getImage(profile_picture_plaveholder.png): image not found at /Applications/XAMPP/xamppfiles/htdocs/socialMedia/media/profile_picture_plaveholder.png
[2025-03-24 23:13:07] [ERROR] Controllers/ImageController->getImage(roz_late_night_office.png): image not found at /Applications/XAMPP/xamppfiles/htdocs/socialMedia/media/roz_late_night_office.png
[2025-03-24 23:13:20] [ERROR] Controllers/ImageController->getImage(roz_late_night_office.png): image not found at /Applications/XAMPP/xamppfiles/htdocs/socialMedia/media/roz_late_night_office.png
[2025-03-24 23:13:22] [ERROR] Controllers/ImageController->getImage(profile_picture_plaveholder.png): image not found at /Applications/XAMPP/xamppfiles/htdocs/socialMedia/media/profile_picture_plaveholder.png
[2025-03-24 23:13:24] [ERROR] Controllers/ImageController->getImage(roz_late_night_office.png): image not found at /Applications/XAMPP/xamppfiles/htdocs/socialMedia/media/roz_late_night_office.png
[2025-03-24 23:14:35] [ERROR] Controllers/ImageController->getImage(roz_late_night_office.png): image not found at /Applications/XAMPP/xamppfiles/htdocs/socialMedia/media/roz_late_night_office.png
[2025-03-24 23:14:37] [ERROR] Controllers/ImageController->getImage(profile_picture_plaveholder.png): image not found at /Applications/XAMPP/xamppfiles/htdocs/socialMedia/media/profile_picture_plaveholder.png
[2025-03-24 23:14:41] [ERROR] Controllers/ImageController->getImage(roz_late_night_office.png): image not found at /Applications/XAMPP/xamppfiles/htdocs/socialMedia/media/roz_late_night_office.png
[2025-03-24 23:14:42] [ERROR] Controllers/ImageController->getImage(profile_picture_plaveholder.png): image not found at /Applications/XAMPP/xamppfiles/htdocs/socialMedia/media/profile_picture_plaveholder.png
[2025-03-24 23:14:47] [ERROR] Controllers/ImageController->getImage(roz_late_night_office.png): image not found at /Applications/XAMPP/xamppfiles/htdocs/socialMedia/media/roz_late_night_office.png
[2025-03-24 23:14:48] [ERROR] Controllers/ImageController->getImage(profile_picture_plaveholder.png): image not found at /Applications/XAMPP/xamppfiles/htdocs/socialMedia/media/profile_picture_plaveholder.png
[2025-03-24 23:14:50] [ERROR] Controllers/ImageController->getImage(roz_late_night_office.png): image not found at /Applications/XAMPP/xamppfiles/htdocs/socialMedia/media/roz_late_night_office.png
[2025-03-24 23:14:56] [ERROR] Controllers/ImageController->getImage(profile_picture_plaveholder.png): image not found at /Applications/XAMPP/xamppfiles/htdocs/socialMedia/media/profile_picture_plaveholder.png
[2025-03-24 23:14:56] [ERROR] Controllers/ImageController->getImage(celia_and_mike_project.png): image not found at /Applications/XAMPP/xamppfiles/htdocs/socialMedia/media/celia_and_mike_project.png
[2025-03-24 23:14:56] [ERROR] Controllers/ImageController->getImage(roz_late_night_office.png): image not found at /Applications/XAMPP/xamppfiles/htdocs/socialMedia/media/roz_late_night_office.png
[2025-03-26 19:37:52] [ERROR] Controllers/ImageController->getImage(boo_first_day_school.png): image not found at /Applications/XAMPP/xamppfiles/htdocs/socialMedia/media/boo_first_day_school.png
[2025-03-26 19:37:53] [ERROR] Controllers/ImageController->getImage(celia_and_mike_project.png): image not found at /Applications/XAMPP/xamppfiles/htdocs/socialMedia/media/celia_and_mike_project.png
[2025-03-26 19:37:53] [ERROR] Controllers/ImageController->getImage(profile_picture_plaveholder.png): image not found at /Applications/XAMPP/xamppfiles/htdocs/socialMedia/media/profile_picture_plaveholder.png
[2025-03-26 19:41:09] [ERROR] Controllers/ImageController->getImage(profile_picture_plaveholder.png): image not found at /Applications/XAMPP/xamppfiles/htdocs/socialMedia/media/profile_picture_plaveholder.png
[2025-03-26 19:51:04] [ERROR] Controllers/ImageController->getImage(profile_picture_plaveholder.png): image not found at /Applications/XAMPP/xamppfiles/htdocs/socialMedia/media/profile_picture_plaveholder.png
[2025-03-26 20:11:45] [ERROR] Controllers/ImageController->getImage(profile_picture_plaveholder.png): image not found at /Applications/XAMPP/xamppfiles/htdocs/socialMedia/media/profile_picture_plaveholder.png
[2025-03-26 20:12:17] [ERROR] Controllers/ImageController->getImage(profile_picture_plaveholder.png): image not found at /Applications/XAMPP/xamppfiles/htdocs/socialMedia/media/profile_picture_plaveholder.png
[2025-03-26 20:12:27] [ERROR] Controllers/ImageController->getImage(profile_picture_plaveholder.png): image not found at /Applications/XAMPP/xamppfiles/htdocs/socialMedia/media/profile_picture_plaveholder.png
[2025-03-26 20:18:54] [ERROR] Controllers/ImageController->getImage(profile_picture_plaveholder.png): image not found at /Applications/XAMPP/xamppfiles/htdocs/socialMedia/media/profile_picture_plaveholder.png
[2025-03-26 20:47:23] [ERROR] Controllers/ImageController->getImage(profile_picture_plaveholder.png): image not found at /Applications/XAMPP/xamppfiles/htdocs/socialMedia/media/profile_picture_plaveholder.png
[2025-03-26 20:47:35] [ERROR] Controllers/ImageController->getImage(profile_picture_plaveholder.png): image not found at /Applications/XAMPP/xamppfiles/htdocs/socialMedia/media/profile_picture_plaveholder.png
[2025-03-26 20:47:41] [ERROR] Controllers/ImageController->getImage(profile_picture_plaveholder.png): image not found at /Applications/XAMPP/xamppfiles/htdocs/socialMedia/media/profile_picture_plaveholder.png
[2025-03-26 20:49:12] [ERROR] Controllers/ImageController->getImage(profile_picture_plaveholder.png): image not found at /Applications/XAMPP/xamppfiles/htdocs/socialMedia/media/profile_picture_plaveholder.png
[2025-03-26 20:49:39] [ERROR] Controllers/ImageController->getImage(profile_picture_plaveholder.png): image not found at /Applications/XAMPP/xamppfiles/htdocs/socialMedia/media/profile_picture_plaveholder.png
[2025-03-26 20:49:55] [ERROR] Controllers/ImageController->getImage(profile_picture_plaveholder.png): image not found at /Applications/XAMPP/xamppfiles/htdocs/socialMedia/media/profile_picture_plaveholder.png
[2025-03-26 21:05:48] [ERROR] Controllers/ImageController->getImage(profile_picture_plaveholder.png): image not found at /Applications/XAMPP/xamppfiles/htdocs/socialMedia/media/profile_picture_plaveholder.png
[2025-03-26 21:07:55] [ERROR] Controllers/ImageController->getImage(profile_picture_plaveholder.png): image not found at /Applications/XAMPP/xamppfiles/htdocs/socialMedia/media/profile_picture_plaveholder.png
[2025-03-26 23:10:05] [ERROR] Controllers/ImageController->getImage(profile_picture_plaveholder.png): image not found at /Applications/XAMPP/xamppfiles/htdocs/socialMedia/media/profile_picture_plaveholder.png
[2025-03-26 23:11:57] [ERROR] Controllers/ImageController->getImage(celia_and_mike_project.png): image not found at /Applications/XAMPP/xamppfiles/htdocs/socialMedia/media/celia_and_mike_project.png
[2025-03-26 23:11:57] [ERROR] Controllers/ImageController->getImage(boo_first_day_school.png): image not found at /Applications/XAMPP/xamppfiles/htdocs/socialMedia/media/boo_first_day_school.png
[2025-03-27 19:37:32] [ERROR] Controllers/ImageController->getImage(boo_first_day_school.png): image not found at /Applications/XAMPP/xamppfiles/htdocs/socialMedia/media/boo_first_day_school.png
[2025-03-27 19:37:32] [ERROR] Controllers/ImageController->getImage(celia_and_mike_project.png): image not found at /Applications/XAMPP/xamppfiles/htdocs/socialMedia/media/celia_and_mike_project.png
[2025-03-27 22:22:24] [ERROR] Controllers/ImageController->getImage(boo_first_day_school.png): image not found at /Applications/XAMPP/xamppfiles/htdocs/socialMedia/media/boo_first_day_school.png
[2025-03-27 22:22:24] [ERROR] Controllers/ImageController->getImage(celia_and_mike_project.png): image not found at /Applications/XAMPP/xamppfiles/htdocs/socialMedia/media/celia_and_mike_project.png
[2025-03-27 22:45:51] [ERROR] Controllers/ImageController->getImage(celia_and_mike_project.png): image not found at /Applications/XAMPP/xamppfiles/htdocs/socialMedia/media/celia_and_mike_project.png
[2025-03-27 22:45:51] [ERROR] Controllers/ImageController->getImage(boo_first_day_school.png): image not found at /Applications/XAMPP/xamppfiles/htdocs/socialMedia/media/boo_first_day_school.png
[2025-03-27 23:08:32] [ERROR] Controllers/ImageController->getImage(boo_first_day_school.png): image not found at /Applications/XAMPP/xamppfiles/htdocs/socialMedia/media/boo_first_day_school.png
[2025-03-27 23:08:32] [ERROR] Controllers/ImageController->getImage(celia_and_mike_project.png): image not found at /Applications/XAMPP/xamppfiles/htdocs/socialMedia/media/celia_and_mike_project.png
[2025-03-27 23:13:46] [ERROR] Controllers/ImageController->getImage(boo_first_day_school.png): image not found at /Applications/XAMPP/xamppfiles/htdocs/socialMedia/media/boo_first_day_school.png
[2025-03-27 23:13:46] [ERROR] Controllers/ImageController->getImage(celia_and_mike_project.png): image not found at /Applications/XAMPP/xamppfiles/htdocs/socialMedia/media/celia_and_mike_project.png
[2025-03-27 23:13:51] [ERROR] Controllers/ImageController->getImage(boo_first_day_school.png): image not found at /Applications/XAMPP/xamppfiles/htdocs/socialMedia/media/boo_first_day_school.png
[2025-03-27 23:13:51] [ERROR] Controllers/ImageController->getImage(celia_and_mike_project.png): image not found at /Applications/XAMPP/xamppfiles/htdocs/socialMedia/media/celia_and_mike_project.png
[2025-03-27 23:13:53] [ERROR] Controllers/ImageController->getImage(boo_first_day_school.png): image not found at /Applications/XAMPP/xamppfiles/htdocs/socialMedia/media/boo_first_day_school.png
[2025-03-27 23:14:04] [ERROR] Controllers/ImageController->getImage(boo_first_day_school.png): image not found at /Applications/XAMPP/xamppfiles/htdocs/socialMedia/media/boo_first_day_school.png
[2025-03-27 23:14:04] [ERROR] Controllers/ImageController->getImage(celia_and_mike_project.png): image not found at /Applications/XAMPP/xamppfiles/htdocs/socialMedia/media/celia_and_mike_project.png
[2025-03-27 23:14:10] [ERROR] Controllers/ImageController->getImage(boo_first_day_school.png): image not found at /Applications/XAMPP/xamppfiles/htdocs/socialMedia/media/boo_first_day_school.png
[2025-03-27 23:14:10] [ERROR] Controllers/ImageController->getImage(celia_and_mike_project.png): image not found at /Applications/XAMPP/xamppfiles/htdocs/socialMedia/media/celia_and_mike_project.png
[2025-03-27 23:20:58] [ERROR] Controllers/ImageController->getImage(boo_first_day_school.png): image not found at /Applications/XAMPP/xamppfiles/htdocs/socialMedia/media/boo_first_day_school.png
[2025-03-27 23:20:58] [ERROR] Controllers/ImageController->getImage(celia_and_mike_project.png): image not found at /Applications/XAMPP/xamppfiles/htdocs/socialMedia/media/celia_and_mike_project.png
[2025-03-27 23:31:03] [ERROR] Controllers/ImageController->getImage(boo_first_day_school.png): image not found at /Applications/XAMPP/xamppfiles/htdocs/socialMedia/media/boo_first_day_school.png
[2025-03-27 23:31:03] [ERROR] Controllers/ImageController->getImage(celia_and_mike_project.png): image not found at /Applications/XAMPP/xamppfiles/htdocs/socialMedia/media/celia_and_mike_project.png
[2025-03-28 20:41:02] [ERROR] Controllers/ImageController->getImage(boo_first_day_school.png): image not found at /Applications/XAMPP/xamppfiles/htdocs/socialMedia/media/boo_first_day_school.png
[2025-03-28 20:41:02] [ERROR] Controllers/ImageController->getImage(celia_and_mike_project.png): image not found at /Applications/XAMPP/xamppfiles/htdocs/socialMedia/media/celia_and_mike_project.png
[2025-03-28 20:41:11] [ERROR] Controllers/ImageController->getImage(boo_first_day_school.png): image not found at /Applications/XAMPP/xamppfiles/htdocs/socialMedia/media/boo_first_day_school.png
[2025-03-28 21:08:02] [ERROR] Controllers/ImageController->getImage(celia_and_mike_project.png): image not found at /Applications/XAMPP/xamppfiles/htdocs/socialMedia/media/celia_and_mike_project.png
[2025-03-28 21:17:11] [ERROR] Controllers/ImageController->getImage(boo_first_day_school.png): image not found at /Applications/XAMPP/xamppfiles/htdocs/socialMedia/media/boo_first_day_school.png
[2025-03-28 21:23:44] [ERROR] Controllers/ImageController->getImage(boo_first_day_school.png): image not found at /Applications/XAMPP/xamppfiles/htdocs/socialMedia/media/boo_first_day_school.png
[2025-03-28 21:25:34] [ERROR] Controllers/ImageController->getImage(boo_first_day_school.png): image not found at /Applications/XAMPP/xamppfiles/htdocs/socialMedia/media/boo_first_day_school.png
[2025-03-28 21:32:18] [ERROR] Controllers/ImageController->getImage(celia_and_mike_project.png): image not found at /Applications/XAMPP/xamppfiles/htdocs/socialMedia/media/celia_and_mike_project.png
[2025-03-28 21:32:18] [ERROR] Controllers/ImageController->getImage(boo_first_day_school.png): image not found at /Applications/XAMPP/xamppfiles/htdocs/socialMedia/media/boo_first_day_school.png
[2025-03-28 21:32:46] [ERROR] Controllers/ImageController->getImage(boo_first_day_school.png): image not found at /Applications/XAMPP/xamppfiles/htdocs/socialMedia/media/boo_first_day_school.png
[2025-03-28 21:32:46] [ERROR] Controllers/ImageController->getImage(celia_and_mike_project.png): image not found at /Applications/XAMPP/xamppfiles/htdocs/socialMedia/media/celia_and_mike_project.png
[2025-03-28 21:33:05] [ERROR] Controllers/ImageController->getImage(boo_first_day_school.png): image not found at /Applications/XAMPP/xamppfiles/htdocs/socialMedia/media/boo_first_day_school.png
[2025-03-28 21:33:15] [ERROR] Controllers/ImageController->getImage(boo_first_day_school.png): image not found at /Applications/XAMPP/xamppfiles/htdocs/socialMedia/media/boo_first_day_school.png
[2025-03-29 15:18:59] [ERROR] Controllers/ImageController->getImage(boo_first_day_school.png): image not found at /Applications/XAMPP/xamppfiles/htdocs/socialMedia/media/boo_first_day_school.png
[2025-03-29 15:18:59] [ERROR] Controllers/ImageController->getImage(celia_and_mike_project.png): image not found at /Applications/XAMPP/xamppfiles/htdocs/socialMedia/media/celia_and_mike_project.png
[2025-03-29 17:24:07] [ERROR] Controllers/ImageController->getImage(celia_and_mike_project.png): image not found at /Applications/XAMPP/xamppfiles/htdocs/socialMedia/media/celia_and_mike_project.png
[2025-03-29 17:24:07] [ERROR] Controllers/ImageController->getImage(boo_first_day_school.png): image not found at /Applications/XAMPP/xamppfiles/htdocs/socialMedia/media/boo_first_day_school.png
[2025-03-29 17:24:12] [ERROR] Controllers/ImageController->getImage(celia_and_mike_project.png): image not found at /Applications/XAMPP/xamppfiles/htdocs/socialMedia/media/celia_and_mike_project.png
[2025-03-29 17:24:24] [ERROR] Controllers/ImageController->getImage(celia_and_mike_project.png): image not found at /Applications/XAMPP/xamppfiles/htdocs/socialMedia/media/celia_and_mike_project.png
[2025-03-29 18:19:16] [ERROR] Controllers/ImageController->getImage(boo_first_day_school.png): image not found at /Applications/XAMPP/xamppfiles/htdocs/socialMedia/media/boo_first_day_school.png
