[2025-03-22 16:28:02] [DEBUG] Controllers/LikeController->createLike(24)
[2025-03-22 16:28:02] [DEBUG] Models/Like->likePost(): Attempting to like post: 24 by profile: 2
[2025-03-22 16:28:02] [INFO] Models/Like->likePost(): Post 24 liked by profile 2
[2025-03-22 16:55:31] [DEBUG] Controllers/LikeController->createLike(30)
[2025-03-22 16:55:31] [DEBUG] Models/Like->likePost(): Attempting to like post: 30 by profile: 2
[2025-03-22 16:55:31] [INFO] Models/Like->likePost(): Post 30 liked by profile 2
[2025-03-22 17:34:43] [DEBUG] Controllers/LikeController->createLike(29)
[2025-03-22 17:34:43] [DEBUG] Models/Like->likePost(): Attempting to like post: 29 by profile: 1
[2025-03-22 17:34:43] [INFO] Models/Like->likePost(): Post 29 liked by profile 1
[2025-03-22 21:34:13] [DEBUG] Controllers/LikeController->deleteLike(2)
[2025-03-22 21:34:13] [DEBUG] Models/Like->unlikePost(): Attempting to unlike post: 2 by profile: 1
[2025-03-22 21:34:13] [INFO] Models/Like->unlikePost(): Post 2 unliked by profile 1
[2025-03-22 21:34:14] [DEBUG] Controllers/LikeController->createLike(2)
[2025-03-22 21:34:14] [DEBUG] Models/Like->likePost(): Attempting to like post: 2 by profile: 1
[2025-03-22 21:34:14] [INFO] Models/Like->likePost(): Post 2 liked by profile 1
[2025-03-23 19:23:03] [DEBUG] Controllers/LikeController->deleteLike(1)
[2025-03-23 19:23:03] [DEBUG] Models/Like->unlikePost(): Attempting to unlike post: 1 by profile: 2
[2025-03-23 19:23:03] [INFO] Models/Like->unlikePost(): Post 1 unliked by profile 2
[2025-03-23 19:23:04] [DEBUG] Controllers/LikeController->createLike(1)
[2025-03-23 19:23:04] [DEBUG] Models/Like->likePost(): Attempting to like post: 1 by profile: 2
[2025-03-23 19:23:04] [INFO] Models/Like->likePost(): Post 1 liked by profile 2
[2025-03-23 19:23:05] [DEBUG] Controllers/LikeController->deleteLike(7)
[2025-03-23 19:23:05] [DEBUG] Models/Like->unlikePost(): Attempting to unlike post: 7 by profile: 2
[2025-03-23 19:23:05] [INFO] Models/Like->unlikePost(): Post 7 unliked by profile 2
[2025-03-23 19:23:06] [DEBUG] Controllers/LikeController->createLike(7)
[2025-03-23 19:23:06] [DEBUG] Models/Like->likePost(): Attempting to like post: 7 by profile: 2
[2025-03-23 19:23:06] [INFO] Models/Like->likePost(): Post 7 liked by profile 2
[2025-03-23 20:08:54] [DEBUG] Controllers/LikeController->createLike(13)
[2025-03-23 20:08:54] [DEBUG] Models/Like->likePost(): Attempting to like post: 13 by profile: 1
[2025-03-23 20:08:54] [INFO] Models/Like->likePost(): Post 13 liked by profile 1
[2025-03-24 09:34:12] [DEBUG] Controllers/LikeController->deleteLike(3)
[2025-03-24 09:34:12] [DEBUG] Models/Like->unlikePost(): Attempting to unlike post: 3 by profile: 2
[2025-03-24 09:34:12] [INFO] Models/Like->unlikePost(): Post 3 unliked by profile 2
[2025-03-24 09:34:13] [DEBUG] Controllers/LikeController->createLike(3)
[2025-03-24 09:34:13] [DEBUG] Models/Like->likePost(): Attempting to like post: 3 by profile: 2
[2025-03-24 09:34:13] [INFO] Models/Like->likePost(): Post 3 liked by profile 2
[2025-03-24 09:35:20] [DEBUG] Controllers/LikeController->createLike(4)
[2025-03-24 09:35:20] [DEBUG] Models/Like->likePost(): Attempting to like post: 4 by profile: 2
[2025-03-24 09:35:20] [INFO] Models/Like->likePost(): Post 4 liked by profile 2
[2025-03-24 13:49:11] [DEBUG] Controllers/LikeController->createLike(13)
[2025-03-24 13:49:11] [DEBUG] Models/Like->likePost(): Attempting to like post: 13 by profile: 2
[2025-03-24 13:49:11] [INFO] Models/Like->likePost(): Post 13 liked by profile 2
